/store/mc/Summer12_DR53X/ZZTo4mu_8TeV-powheg-pythia6/AODSIM/PU_S10_START53_V7A-v1/0000/38C5F8AF-89F1-E111-BF51-1CC1DE1D03DE.root  
/store/mc/Summer12_DR53X/ZZTo4mu_8TeV-powheg-pythia6/AODSIM/PU_S10_START53_V7A-v1/0000/C85CD73F-8AF1-E111-AC6A-0017A4770410.root  
/store/mc/Summer12_DR53X/ZZTo4mu_8TeV-powheg-pythia6/AODSIM/PU_S10_START53_V7A-v1/0000/56324046-8AF1-E111-9C7C-1CC1DE1D03FC.root  
/store/mc/Summer12_DR53X/ZZTo4mu_8TeV-powheg-pythia6/AODSIM/PU_S10_START53_V7A-v1/0000/34BFF0D4-8AF1-E111-A566-0017A4771004.root  
/store/mc/Summer12_DR53X/ZZTo4mu_8TeV-powheg-pythia6/AODSIM/PU_S10_START53_V7A-v1/0000/E408524C-68F1-E111-BCA8-00237DA13CA2.root  
/store/mc/Summer12_DR53X/ZZTo4mu_8TeV-powheg-pythia6/AODSIM/PU_S10_START53_V7A-v1/0000/7683A956-68F1-E111-B398-0017A4771038.root  
/store/mc/Summer12_DR53X/ZZTo4mu_8TeV-powheg-pythia6/AODSIM/PU_S10_START53_V7A-v1/0000/B032FD25-B1F1-E111-A34E-1CC1DE04DF20.root  
/store/mc/Summer12_DR53X/ZZTo4mu_8TeV-powheg-pythia6/AODSIM/PU_S10_START53_V7A-v1/0000/223EB9D4-69F1-E111-82F5-0017A4770024.root  
/store/mc/Summer12_DR53X/ZZTo4mu_8TeV-powheg-pythia6/AODSIM/PU_S10_START53_V7A-v1/0000/243310E1-69F1-E111-AFF7-1CC1DE1D1F80.root  
/store/mc/Summer12_DR53X/ZZTo4mu_8TeV-powheg-pythia6/AODSIM/PU_S10_START53_V7A-v1/0000/C8D086D3-69F1-E111-9FD9-1CC1DE1D1F80.root  
/store/mc/Summer12_DR53X/ZZTo4mu_8TeV-powheg-pythia6/AODSIM/PU_S10_START53_V7A-v1/0000/E4128B2F-6AF1-E111-952E-D8D3855BBDC4.root  
/store/mc/Summer12_DR53X/ZZTo4mu_8TeV-powheg-pythia6/AODSIM/PU_S10_START53_V7A-v1/0000/E23D1DDF-95F1-E111-9C7B-AC162DA8C2B0.root  
/store/mc/Summer12_DR53X/ZZTo4mu_8TeV-powheg-pythia6/AODSIM/PU_S10_START53_V7A-v1/0000/4A4B3835-96F1-E111-B70B-AC162DA8C2B0.root  
/store/mc/Summer12_DR53X/ZZTo4mu_8TeV-powheg-pythia6/AODSIM/PU_S10_START53_V7A-v1/0000/3E15681D-98F1-E111-BB00-0017A4770C04.root  
/store/mc/Summer12_DR53X/ZZTo4mu_8TeV-powheg-pythia6/AODSIM/PU_S10_START53_V7A-v1/0000/F688C2A2-BCF3-E111-B2A9-00266CFFBE54.root  
/store/mc/Summer12_DR53X/ZZTo4mu_8TeV-powheg-pythia6/AODSIM/PU_S10_START53_V7A-v1/0000/4A6A412F-6AF1-E111-9E63-00266CFFBC3C.root  
/store/mc/Summer12_DR53X/ZZTo4mu_8TeV-powheg-pythia6/AODSIM/PU_S10_START53_V7A-v1/0000/6E2A9231-6AF1-E111-9DDF-00266CFF0840.root  
/store/mc/Summer12_DR53X/ZZTo4mu_8TeV-powheg-pythia6/AODSIM/PU_S10_START53_V7A-v1/0000/C4459666-6AF1-E111-AD7E-1CC1DE051038.root  
/store/mc/Summer12_DR53X/ZZTo4mu_8TeV-powheg-pythia6/AODSIM/PU_S10_START53_V7A-v1/0000/FE50986A-6AF1-E111-BC25-1CC1DE04FFB8.root  
/store/mc/Summer12_DR53X/ZZTo4mu_8TeV-powheg-pythia6/AODSIM/PU_S10_START53_V7A-v1/0000/5A43CA67-6AF1-E111-A2A5-0017A477082C.root  
/store/mc/Summer12_DR53X/ZZTo4mu_8TeV-powheg-pythia6/AODSIM/PU_S10_START53_V7A-v1/0000/F0B7D6EF-6BF1-E111-A7A7-1CC1DE0500F0.root  
/store/mc/Summer12_DR53X/ZZTo4mu_8TeV-powheg-pythia6/AODSIM/PU_S10_START53_V7A-v1/0000/20C9FCF6-6BF1-E111-A0F7-AC162DA8C2B0.root  
/store/mc/Summer12_DR53X/ZZTo4mu_8TeV-powheg-pythia6/AODSIM/PU_S10_START53_V7A-v1/0000/26A77AA3-62F1-E111-9091-0017A4771004.root  
/store/mc/Summer12_DR53X/ZZTo4mu_8TeV-powheg-pythia6/AODSIM/PU_S10_START53_V7A-v1/0000/94782680-63F1-E111-AEFF-1CC1DE0503C0.root  
/store/mc/Summer12_DR53X/ZZTo4mu_8TeV-powheg-pythia6/AODSIM/PU_S10_START53_V7A-v1/0000/0E9945C6-63F1-E111-AE9E-1CC1DE051028.root  
/store/mc/Summer12_DR53X/ZZTo4mu_8TeV-powheg-pythia6/AODSIM/PU_S10_START53_V7A-v1/0000/4C71B8DE-B0F3-E111-81FD-1CC1DE051118.root  
/store/mc/Summer12_DR53X/ZZTo4mu_8TeV-powheg-pythia6/AODSIM/PU_S10_START53_V7A-v1/0000/DE6A94B5-BDF3-E111-8F90-0017A4770C2C.root  
/store/mc/Summer12_DR53X/ZZTo4mu_8TeV-powheg-pythia6/AODSIM/PU_S10_START53_V7A-v1/0000/A43C5E3A-BEF3-E111-A0D3-0017A4771034.root  
/store/mc/Summer12_DR53X/ZZTo4mu_8TeV-powheg-pythia6/AODSIM/PU_S10_START53_V7A-v1/0000/7C965912-AAF3-E111-BA70-00266CFFBC74.root  
/store/mc/Summer12_DR53X/ZZTo4mu_8TeV-powheg-pythia6/AODSIM/PU_S10_START53_V7A-v1/0000/74AE9BD0-ADF3-E111-8820-00266CFFCD6C.root  
/store/mc/Summer12_DR53X/ZZTo4mu_8TeV-powheg-pythia6/AODSIM/PU_S10_START53_V7A-v1/0000/5078F64E-BBF3-E111-BE7E-0017A4771028.root  
/store/mc/Summer12_DR53X/ZZTo4mu_8TeV-powheg-pythia6/AODSIM/PU_S10_START53_V7A-v1/0000/6A676B43-B2F3-E111-8AE7-AC162DACB208.root  
/store/mc/Summer12_DR53X/ZZTo4mu_8TeV-powheg-pythia6/AODSIM/PU_S10_START53_V7A-v1/0000/529AB1AF-B2F3-E111-9BCA-1CC1DE047FD8.root  
/store/mc/Summer12_DR53X/ZZTo4mu_8TeV-powheg-pythia6/AODSIM/PU_S10_START53_V7A-v1/0000/58E54AAB-7EF1-E111-B17E-00266CFFBEB4.root  
/store/mc/Summer12_DR53X/ZZTo4mu_8TeV-powheg-pythia6/AODSIM/PU_S10_START53_V7A-v1/0000/BC4E0E84-B3F3-E111-9A6D-78E7D1E4B772.root  
/store/mc/Summer12_DR53X/ZZTo4mu_8TeV-powheg-pythia6/AODSIM/PU_S10_START53_V7A-v1/0000/3CA9E1D0-B3F3-E111-8C96-1CC1DE0500F0.root  
/store/mc/Summer12_DR53X/ZZTo4mu_8TeV-powheg-pythia6/AODSIM/PU_S10_START53_V7A-v1/0000/02A2D10D-B4F3-E111-9D38-AC162DABCAF8.root  
/store/mc/Summer12_DR53X/ZZTo4mu_8TeV-powheg-pythia6/AODSIM/PU_S10_START53_V7A-v1/0000/22479781-BAF3-E111-B2C1-00266CFFBEB4.root  
/store/mc/Summer12_DR53X/ZZTo4mu_8TeV-powheg-pythia6/AODSIM/PU_S10_START53_V7A-v1/0000/C0DBE22A-D4F3-E111-9569-1CC1DE1D023A.root  
/store/mc/Summer12_DR53X/ZZTo4mu_8TeV-powheg-pythia6/AODSIM/PU_S10_START53_V7A-v1/0000/2490079E-99F1-E111-9F34-78E7D1E49B52.root  
/store/mc/Summer12_DR53X/ZZTo4mu_8TeV-powheg-pythia6/AODSIM/PU_S10_START53_V7A-v1/0000/6C08F237-9BF1-E111-9B0A-00237DA12CEC.root  
/store/mc/Summer12_DR53X/ZZTo4mu_8TeV-powheg-pythia6/AODSIM/PU_S10_START53_V7A-v1/0000/AA287037-B8F3-E111-A610-00266CFF0138.root  
/store/mc/Summer12_DR53X/ZZTo4mu_8TeV-powheg-pythia6/AODSIM/PU_S10_START53_V7A-v1/0000/94B0B10B-88F1-E111-9726-1CC1DE04DF20.root  
/store/mc/Summer12_DR53X/ZZTo4mu_8TeV-powheg-pythia6/AODSIM/PU_S10_START53_V7A-v1/0000/ECEEC2BE-87F1-E111-8F31-1CC1DE1D03FC.root  
/store/mc/Summer12_DR53X/ZZTo4mu_8TeV-powheg-pythia6/AODSIM/PU_S10_START53_V7A-v1/0000/18B790B0-88F1-E111-8A68-00266CFFC43C.root  
/store/mc/Summer12_DR53X/ZZTo4mu_8TeV-powheg-pythia6/AODSIM/PU_S10_START53_V7A-v1/0000/5E8C58B9-88F1-E111-B1AD-AC162DAC3428.root  
/store/mc/Summer12_DR53X/ZZTo4mu_8TeV-powheg-pythia6/AODSIM/PU_S10_START53_V7A-v1/0000/1AA2E7EC-80F1-E111-A6D4-1CC1DE1D19FE.root  
/store/mc/Summer12_DR53X/ZZTo4mu_8TeV-powheg-pythia6/AODSIM/PU_S10_START53_V7A-v1/0000/56EC0DBD-81F1-E111-BC4F-1CC1DE1D1452.root  
/store/mc/Summer12_DR53X/ZZTo4mu_8TeV-powheg-pythia6/AODSIM/PU_S10_START53_V7A-v1/0000/4A5B8A15-72F1-E111-A24C-00266CFFBF64.root  
/store/mc/Summer12_DR53X/ZZTo4mu_8TeV-powheg-pythia6/AODSIM/PU_S10_START53_V7A-v1/0000/CAE75BD2-72F1-E111-9676-00266CFFBC74.root  
/store/mc/Summer12_DR53X/ZZTo4mu_8TeV-powheg-pythia6/AODSIM/PU_S10_START53_V7A-v1/0000/FEE40EFD-72F1-E111-A8E5-00266CFFBF64.root  
/store/mc/Summer12_DR53X/ZZTo4mu_8TeV-powheg-pythia6/AODSIM/PU_S10_START53_V7A-v1/0000/E8E12627-72F1-E111-BB72-0017A4770C04.root  
/store/mc/Summer12_DR53X/ZZTo4mu_8TeV-powheg-pythia6/AODSIM/PU_S10_START53_V7A-v1/0000/FEDE75BF-72F1-E111-B52A-1CC1DE1D03EA.root  
/store/mc/Summer12_DR53X/ZZTo4mu_8TeV-powheg-pythia6/AODSIM/PU_S10_START53_V7A-v1/0000/807234C3-72F1-E111-815F-0017A4770018.root  
/store/mc/Summer12_DR53X/ZZTo4mu_8TeV-powheg-pythia6/AODSIM/PU_S10_START53_V7A-v1/0000/8EBC69D5-73F1-E111-AAD3-1CC1DE047F98.root  
/store/mc/Summer12_DR53X/ZZTo4mu_8TeV-powheg-pythia6/AODSIM/PU_S10_START53_V7A-v1/0000/D2594DFF-84F1-E111-94E8-00266CFEFE1C.root  
/store/mc/Summer12_DR53X/ZZTo4mu_8TeV-powheg-pythia6/AODSIM/PU_S10_START53_V7A-v1/0000/0CE046A9-85F1-E111-A6CC-AC162DACC328.root  
/store/mc/Summer12_DR53X/ZZTo4mu_8TeV-powheg-pythia6/AODSIM/PU_S10_START53_V7A-v1/0000/3058E4A1-7BF1-E111-9472-00237DA1AC2A.root  
/store/mc/Summer12_DR53X/ZZTo4mu_8TeV-powheg-pythia6/AODSIM/PU_S10_START53_V7A-v1/0000/80BDC0B9-86F1-E111-81D5-0017A4770C28.root  
/store/mc/Summer12_DR53X/ZZTo4mu_8TeV-powheg-pythia6/AODSIM/PU_S10_START53_V7A-v1/0000/909DC924-87F1-E111-BEC8-1CC1DE1CDD20.root  
/store/mc/Summer12_DR53X/ZZTo4mu_8TeV-powheg-pythia6/AODSIM/PU_S10_START53_V7A-v1/0000/8C9EB46B-67F1-E111-ABF1-1CC1DE1CDF2A.root  
/store/mc/Summer12_DR53X/ZZTo4mu_8TeV-powheg-pythia6/AODSIM/PU_S10_START53_V7A-v1/0000/C4A1B556-68F1-E111-A0EC-00266CFEFDE0.root  
/store/mc/Summer12_DR53X/ZZTo4mu_8TeV-powheg-pythia6/AODSIM/PU_S10_START53_V7A-v1/0000/3ECB3358-68F1-E111-B643-00266CFFBDE8.root  
/store/mc/Summer12_DR53X/ZZTo4mu_8TeV-powheg-pythia6/AODSIM/PU_S10_START53_V7A-v1/0000/2889CD48-68F1-E111-BB03-1CC1DE052068.root  
/store/mc/Summer12_DR53X/ZZTo4mu_8TeV-powheg-pythia6/AODSIM/PU_S10_START53_V7A-v1/0000/CE819055-68F1-E111-BB9D-1CC1DE051118.root  
/store/mc/Summer12_DR53X/ZZTo4mu_8TeV-powheg-pythia6/AODSIM/PU_S10_START53_V7A-v1/0000/3AE2ABD1-39F3-E111-AB44-00266CFFBE54.root  
/store/mc/Summer12_DR53X/ZZTo4mu_8TeV-powheg-pythia6/AODSIM/PU_S10_START53_V7A-v1/0000/7EE8097D-92F1-E111-AE4D-0017A4770C00.root  
/store/mc/Summer12_DR53X/ZZTo4mu_8TeV-powheg-pythia6/AODSIM/PU_S10_START53_V7A-v1/0000/1433A131-93F1-E111-8C43-0017A4770C3C.root  
/store/mc/Summer12_DR53X/ZZTo4mu_8TeV-powheg-pythia6/AODSIM/PU_S10_START53_V7A-v1/0000/8A9335E4-93F1-E111-9946-00266CFFBCFC.root  
/store/mc/Summer12_DR53X/ZZTo4mu_8TeV-powheg-pythia6/AODSIM/PU_S10_START53_V7A-v1/0000/9EDAC174-94F1-E111-8964-1CC1DE1CE170.root  
/store/mc/Summer12_DR53X/ZZTo4mu_8TeV-powheg-pythia6/AODSIM/PU_S10_START53_V7A-v1/0000/CEE6B1F7-94F1-E111-A61F-1CC1DE051080.root  
/store/mc/Summer12_DR53X/ZZTo4mu_8TeV-powheg-pythia6/AODSIM/PU_S10_START53_V7A-v1/0000/7E1FF1DC-82F1-E111-BD28-1CC1DE1CDF30.root  
/store/mc/Summer12_DR53X/ZZTo4mu_8TeV-powheg-pythia6/AODSIM/PU_S10_START53_V7A-v1/0000/FAA83F14-84F1-E111-99C9-1CC1DE051118.root  
/store/mc/Summer12_DR53X/ZZTo4mu_8TeV-powheg-pythia6/AODSIM/PU_S10_START53_V7A-v1/0000/4E7FAADE-6FF1-E111-9A4D-0017A4771018.root  
/store/mc/Summer12_DR53X/ZZTo4mu_8TeV-powheg-pythia6/AODSIM/PU_S10_START53_V7A-v1/0000/1EB37F87-70F1-E111-BE53-00266CFF0AF4.root  
/store/mc/Summer12_DR53X/ZZTo4mu_8TeV-powheg-pythia6/AODSIM/PU_S10_START53_V7A-v1/0000/A4E26A87-70F1-E111-A896-0026557DB808.root  
/store/mc/Summer12_DR53X/ZZTo4mu_8TeV-powheg-pythia6/AODSIM/PU_S10_START53_V7A-v1/0000/62E1CD66-71F1-E111-B505-1CC1DE04FFB8.root  
/store/mc/Summer12_DR53X/ZZTo4mu_8TeV-powheg-pythia6/AODSIM/PU_S10_START53_V7A-v1/0000/DA690368-71F1-E111-964A-0017A477000C.root  
/store/mc/Summer12_DR53X/ZZTo4mu_8TeV-powheg-pythia6/AODSIM/PU_S10_START53_V7A-v1/0000/BA491C4B-BFF1-E111-819F-AC162DACC3F0.root  
/store/mc/Summer12_DR53X/ZZTo4mu_8TeV-powheg-pythia6/AODSIM/PU_S10_START53_V7A-v1/0000/3A824F47-78F1-E111-9EC7-1CC1DE1D1FE6.root  
/store/mc/Summer12_DR53X/ZZTo4mu_8TeV-powheg-pythia6/AODSIM/PU_S10_START53_V7A-v1/0000/4899D6D5-79F1-E111-A44A-00266CFFBF50.root  
/store/mc/Summer12_DR53X/ZZTo4mu_8TeV-powheg-pythia6/AODSIM/PU_S10_START53_V7A-v1/0000/DAE77B7C-7AF1-E111-A0BB-00266CFEFC5C.root  
/store/mc/Summer12_DR53X/ZZTo4mu_8TeV-powheg-pythia6/AODSIM/PU_S10_START53_V7A-v1/0000/8E152DC0-8FF1-E111-841C-78E7D1E4B874.root  
/store/mc/Summer12_DR53X/ZZTo4mu_8TeV-powheg-pythia6/AODSIM/PU_S10_START53_V7A-v1/0000/02EC6BC3-8FF1-E111-BCDA-0017A4771030.root  
/store/mc/Summer12_DR53X/ZZTo4mu_8TeV-powheg-pythia6/AODSIM/PU_S10_START53_V7A-v1/0000/969365B1-8FF1-E111-836A-0017A477040C.root  
/store/mc/Summer12_DR53X/ZZTo4mu_8TeV-powheg-pythia6/AODSIM/PU_S10_START53_V7A-v1/0000/1C2796FC-90F1-E111-A091-00266CFFBC74.root  
/store/mc/Summer12_DR53X/ZZTo4mu_8TeV-powheg-pythia6/AODSIM/PU_S10_START53_V7A-v1/0000/AC518697-91F1-E111-82C0-00266CFF0ACC.root  
/store/mc/Summer12_DR53X/ZZTo4mu_8TeV-powheg-pythia6/AODSIM/PU_S10_START53_V7A-v1/0000/A2AB88C8-72F1-E111-98A9-1CC1DE1CDF30.root  
/store/mc/Summer12_DR53X/ZZTo4mu_8TeV-powheg-pythia6/AODSIM/PU_S10_START53_V7A-v1/0000/6610FDD9-73F1-E111-848B-0017A4770030.root  
/store/mc/Summer12_DR53X/ZZTo4mu_8TeV-powheg-pythia6/AODSIM/PU_S10_START53_V7A-v1/0000/DC9BC776-74F1-E111-A074-0017A477103C.root  
/store/mc/Summer12_DR53X/ZZTo4mu_8TeV-powheg-pythia6/AODSIM/PU_S10_START53_V7A-v1/0000/C09D2FF9-5DF1-E111-AF42-1CC1DE1CE170.root  
/store/mc/Summer12_DR53X/ZZTo4mu_8TeV-powheg-pythia6/AODSIM/PU_S10_START53_V7A-v1/0000/08CA83CB-8BF1-E111-B4EE-00266CFFBDE8.root  
/store/mc/Summer12_DR53X/ZZTo4mu_8TeV-powheg-pythia6/AODSIM/PU_S10_START53_V7A-v1/0000/A2106757-8CF1-E111-81BA-1CC1DE1CF280.root  
/store/mc/Summer12_DR53X/ZZTo4mu_8TeV-powheg-pythia6/AODSIM/PU_S10_START53_V7A-v1/0000/6C3D7C5E-8DF1-E111-95CF-00266CFFBED8.root  
/store/mc/Summer12_DR53X/ZZTo4mu_8TeV-powheg-pythia6/AODSIM/PU_S10_START53_V7A-v1/0000/56CD225C-8DF1-E111-B9FD-00266CFFC7CC.root  
/store/mc/Summer12_DR53X/ZZTo4mu_8TeV-powheg-pythia6/AODSIM/PU_S10_START53_V7A-v1/0000/B8FD7D2C-8EF1-E111-95C0-0017A4770004.root  
/store/mc/Summer12_DR53X/ZZTo4mu_8TeV-powheg-pythia6/AODSIM/PU_S10_START53_V7A-v1/0000/00D4272D-8EF1-E111-BE0F-0017A4770C18.root  
/store/mc/Summer12_DR53X/ZZTo4mu_8TeV-powheg-pythia6/AODSIM/PU_S10_START53_V7A-v1/0000/A2F0CB33-8EF1-E111-B7DE-1CC1DE040FA0.root  
/store/mc/Summer12_DR53X/ZZTo4mu_8TeV-powheg-pythia6/AODSIM/PU_S10_START53_V7A-v1/0000/3A4B383E-8EF1-E111-80EF-00266CFFC6CC.root  
/store/mc/Summer12_DR53X/ZZTo4mu_8TeV-powheg-pythia6/AODSIM/PU_S10_START53_V7A-v1/0000/0231DA3D-C4F3-E111-89B5-00266CFC3B0C.root  
/store/mc/Summer12_DR53X/ZZTo4mu_8TeV-powheg-pythia6/AODSIM/PU_S10_START53_V7A-v1/0000/9C073ECD-C4F3-E111-BE04-1CC1DE047FD8.root  
/store/mc/Summer12_DR53X/ZZTo4mu_8TeV-powheg-pythia6/AODSIM/PU_S10_START53_V7A-v1/0000/12C91913-CBF3-E111-BD99-1CC1DE052068.root  
/store/mc/Summer12_DR53X/ZZTo4mu_8TeV-powheg-pythia6/AODSIM/PU_S10_START53_V7A-v1/0000/26CF075B-B9F1-E111-8D6B-00266CFFC43C.root  
/store/mc/Summer12_DR53X/ZZTo4mu_8TeV-powheg-pythia6/AODSIM/PU_S10_START53_V7A-v1/0000/FCE5840C-B5F3-E111-9B2A-00266CFEFDE0.root  
/store/mc/Summer12_DR53X/ZZTo4mu_8TeV-powheg-pythia6/AODSIM/PU_S10_START53_V7A-v1/0000/AE91E23C-CEF3-E111-9AB8-00266CFFCB7C.root  
/store/mc/Summer12_DR53X/ZZTo4mu_8TeV-powheg-pythia6/AODSIM/PU_S10_START53_V7A-v1/0000/2EF3AC75-C6F3-E111-B64D-002481A7329C.root  
/store/mc/Summer12_DR53X/ZZTo4mu_8TeV-powheg-pythia6/AODSIM/PU_S10_START53_V7A-v1/0000/3A90DBAC-C6F3-E111-8DD4-1CC1DE0510A8.root  
/store/mc/Summer12_DR53X/ZZTo4mu_8TeV-powheg-pythia6/AODSIM/PU_S10_START53_V7A-v1/0000/38C15279-C2F3-E111-8203-1CC1DE04DF70.root  
/store/mc/Summer12_DR53X/ZZTo4mu_8TeV-powheg-pythia6/AODSIM/PU_S10_START53_V7A-v1/0000/B0375D7E-0AF4-E111-BFA8-00266CFFC0C0.root  
/store/mc/Summer12_DR53X/ZZTo4mu_8TeV-powheg-pythia6/AODSIM/PU_S10_START53_V7A-v1/0000/860076EB-B8F3-E111-AE18-0017A4770038.root  
/store/mc/Summer12_DR53X/ZZTo4mu_8TeV-powheg-pythia6/AODSIM/PU_S10_START53_V7A-v1/0000/D8DABE33-BAF3-E111-9717-00266CF65AC4.root  
/store/mc/Summer12_DR53X/ZZTo4mu_8TeV-powheg-pythia6/AODSIM/PU_S10_START53_V7A-v1/0000/985B7DCE-B6F3-E111-B625-00266CFFBCDC.root  
/store/mc/Summer12_DR53X/ZZTo4mu_8TeV-powheg-pythia6/AODSIM/PU_S10_START53_V7A-v1/0000/6C84EF86-B7F3-E111-99C3-1CC1DE046F00.root  
/store/mc/Summer12_DR53X/ZZTo4mu_8TeV-powheg-pythia6/AODSIM/PU_S10_START53_V7A-v1/0000/D036DAC8-C9F3-E111-8E5C-0017A4770034.root  
/store/mc/Summer12_DR53X/ZZTo4mu_8TeV-powheg-pythia6/AODSIM/PU_S10_START53_V7A-v1/0000/2E382E01-CAF3-E111-8CF6-AC162DA8C2B0.root  
/store/mc/Summer12_DR53X/ZZTo4mu_8TeV-powheg-pythia6/AODSIM/PU_S10_START53_V7A-v1/0000/3CFFA0BF-BEF3-E111-A09B-0017A4771004.root  
/store/mc/Summer12_DR53X/ZZTo4mu_8TeV-powheg-pythia6/AODSIM/PU_S10_START53_V7A-v1/0000/E277309D-BFF3-E111-A003-00266CFFC544.root  
/store/mc/Summer12_DR53X/ZZTo4mu_8TeV-powheg-pythia6/AODSIM/PU_S10_START53_V7A-v1/0000/C0B228A0-BFF3-E111-972E-0017A4770824.root  
/store/mc/Summer12_DR53X/ZZTo4mu_8TeV-powheg-pythia6/AODSIM/PU_S10_START53_V7A-v1/0000/F494C587-C0F3-E111-9BD2-00266CFEFDEC.root  
/store/mc/Summer12_DR53X/ZZTo4mu_8TeV-powheg-pythia6/AODSIM/PU_S10_START53_V7A-v1/0000/246D8F5F-64F1-E111-BDED-00266CFFC980.root  
/store/mc/Summer12_DR53X/ZZTo4mu_8TeV-powheg-pythia6/AODSIM/PU_S10_START53_V7A-v1/0000/3273A45D-65F1-E111-A256-1CC1DE046FB0.root  
/store/mc/Summer12_DR53X/ZZTo4mu_8TeV-powheg-pythia6/AODSIM/PU_S10_START53_V7A-v1/0000/AA59B9DF-65F1-E111-A8BB-1CC1DE051038.root  
/store/mc/Summer12_DR53X/ZZTo4mu_8TeV-powheg-pythia6/AODSIM/PU_S10_START53_V7A-v1/0000/DA4405AC-6EF1-E111-95B7-AC162DACC3F8.root  
/store/mc/Summer12_DR53X/ZZTo4mu_8TeV-powheg-pythia6/AODSIM/PU_S10_START53_V7A-v1/0000/8E7BE4AF-6EF1-E111-9D23-00266CFFBE5C.root  
/store/mc/Summer12_DR53X/ZZTo4mu_8TeV-powheg-pythia6/AODSIM/PU_S10_START53_V7A-v1/0000/CAEEAB10-6FF1-E111-8320-00266CFFCD6C.root  
/store/mc/Summer12_DR53X/ZZTo4mu_8TeV-powheg-pythia6/AODSIM/PU_S10_START53_V7A-v1/0000/36DA8601-6FF1-E111-86E5-00266CFFC89C.root  
/store/mc/Summer12_DR53X/ZZTo4mu_8TeV-powheg-pythia6/AODSIM/PU_S10_START53_V7A-v1/0000/D0F5850B-6FF1-E111-90CE-0017A4770C3C.root  
/store/mc/Summer12_DR53X/ZZTo4mu_8TeV-powheg-pythia6/AODSIM/PU_S10_START53_V7A-v1/0000/52D9A0DF-6FF1-E111-9725-00266CFF0ACC.root  
/store/mc/Summer12_DR53X/ZZTo4mu_8TeV-powheg-pythia6/AODSIM/PU_S10_START53_V7A-v1/0000/D28A4CDF-6FF1-E111-9BF2-00266CFFBF68.root  
/store/mc/Summer12_DR53X/ZZTo4mu_8TeV-powheg-pythia6/AODSIM/PU_S10_START53_V7A-v1/0000/FA07B095-60F1-E111-913B-00266CFFBCDC.root  
/store/mc/Summer12_DR53X/ZZTo4mu_8TeV-powheg-pythia6/AODSIM/PU_S10_START53_V7A-v1/0000/EE031964-75F1-E111-A1C1-00266CFEFC5C.root  
/store/mc/Summer12_DR53X/ZZTo4mu_8TeV-powheg-pythia6/AODSIM/PU_S10_START53_V7A-v1/0000/5E171C6E-76F1-E111-A290-0017A4771028.root  
/store/mc/Summer12_DR53X/ZZTo4mu_8TeV-powheg-pythia6/AODSIM/PU_S10_START53_V7A-v1/0000/228B001A-77F1-E111-A8C4-00266CFFC76C.root  
/store/mc/Summer12_DR53X/ZZTo4mu_8TeV-powheg-pythia6/AODSIM/PU_S10_START53_V7A-v1/0000/72720362-77F1-E111-84FF-00266CFFBCFC.root  
/store/mc/Summer12_DR53X/ZZTo4mu_8TeV-powheg-pythia6/AODSIM/PU_S10_START53_V7A-v1/0000/58603ACB-76F1-E111-82F7-0017A477101C.root  
/store/mc/Summer12_DR53X/ZZTo4mu_8TeV-powheg-pythia6/AODSIM/PU_S10_START53_V7A-v1/0000/06CC4E53-6BF1-E111-974A-78E7D1E4B6E8.root  
/store/mc/Summer12_DR53X/ZZTo4mu_8TeV-powheg-pythia6/AODSIM/PU_S10_START53_V7A-v1/0000/B8597155-6BF1-E111-B190-0017A4770024.root  
/store/mc/Summer12_DR53X/ZZTo4mu_8TeV-powheg-pythia6/AODSIM/PU_S10_START53_V7A-v1/0000/888BC8F1-6BF1-E111-983A-1CC1DE04DF20.root  
/store/mc/Summer12_DR53X/ZZTo4mu_8TeV-powheg-pythia6/AODSIM/PU_S10_START53_V7A-v1/0000/A4D717F4-6BF1-E111-978A-00266CFFC7CC.root  
/store/mc/Summer12_DR53X/ZZTo4mu_8TeV-powheg-pythia6/AODSIM/PU_S10_START53_V7A-v1/0000/62F5DD9C-6CF1-E111-BC1C-AC162DA8C2B0.root  
/store/mc/Summer12_DR53X/ZZTo4mu_8TeV-powheg-pythia6/AODSIM/PU_S10_START53_V7A-v1/0000/1CD1994C-6BF1-E111-B571-1CC1DE1D1F80.root  
/store/mc/Summer12_DR53X/ZZTo4mu_8TeV-powheg-pythia6/AODSIM/PU_S10_START53_V7A-v1/0000/2E7E939C-6CF1-E111-A091-00266CFFBCB0.root  
/store/mc/Summer12_DR53X/ZZTo4mu_8TeV-powheg-pythia6/AODSIM/PU_S10_START53_V7A-v1/0000/4C6E86A0-6CF1-E111-AECB-00266CFF0138.root  
/store/mc/Summer12_DR53X/ZZTo4mu_8TeV-powheg-pythia6/AODSIM/PU_S10_START53_V7A-v1/0000/043D7273-6DF1-E111-9D5A-00266CFFBCB0.root  
/store/mc/Summer12_DR53X/ZZTo4mu_8TeV-powheg-pythia6/AODSIM/PU_S10_START53_V7A-v1/0000/2A87DF6D-6DF1-E111-8FBC-1CC1DE046FC0.root  
/store/mc/Summer12_DR53X/ZZTo4mu_8TeV-powheg-pythia6/AODSIM/PU_S10_START53_V7A-v1/0000/A4F5376E-6DF1-E111-9063-00266CFEFE70.root  
/store/mc/Summer12_DR53X/ZZTo4mu_8TeV-powheg-pythia6/AODSIM/PU_S10_START53_V7A-v1/0000/C6AA3B97-5AF1-E111-8780-00266CFFCCBC.root  
/store/mc/Summer12_DR53X/ZZTo4mu_8TeV-powheg-pythia6/AODSIM/PU_S10_START53_V7A-v1/0000/FEFB17D0-66F1-E111-80C7-AC162DABAF78.root  
/store/mc/Summer12_DR53X/ZZTo4mu_8TeV-powheg-pythia6/AODSIM/PU_S10_START53_V7A-v1/0000/2035C369-67F1-E111-BA4F-1CC1DE046F18.root  
/store/mc/Summer12_DR53X/ZZTo4mu_8TeV-powheg-pythia6/AODSIM/PU_S10_START53_V7A-v1/0000/F2EEAE06-D5F1-E111-BA3F-1CC1DE046F18.root  
/store/mc/Summer12_DR53X/ZZTo4mu_8TeV-powheg-pythia6/AODSIM/PU_S10_START53_V7A-v1/0000/B60C9D46-6FF2-E111-8B10-00266CFFB7D0.root  
