/store/mc/Summer12_DR53X/ZZTo4e_8TeV-powheg-pythia6/AODSIM/PU_S10_START53_V7A-v1/0000/54C28D53-67F9-E111-AD61-00266CFF0234.root  
/store/mc/Summer12_DR53X/ZZTo4e_8TeV-powheg-pythia6/AODSIM/PU_S10_START53_V7A-v1/0000/B44C683D-68F9-E111-85C6-00266CFFCC54.root  
/store/mc/Summer12_DR53X/ZZTo4e_8TeV-powheg-pythia6/AODSIM/PU_S10_START53_V7A-v1/0000/9EADA71C-68F9-E111-ABB6-00266CFF0234.root  
/store/mc/Summer12_DR53X/ZZTo4e_8TeV-powheg-pythia6/AODSIM/PU_S10_START53_V7A-v1/0000/BAF391DE-68F9-E111-9F3C-1CC1DE1D208E.root  
/store/mc/Summer12_DR53X/ZZTo4e_8TeV-powheg-pythia6/AODSIM/PU_S10_START53_V7A-v1/0000/C0747B31-69F9-E111-B18A-00266CFFC848.root  
/store/mc/Summer12_DR53X/ZZTo4e_8TeV-powheg-pythia6/AODSIM/PU_S10_START53_V7A-v1/0000/082A248E-4DF9-E111-BC77-0017A4770018.root  
/store/mc/Summer12_DR53X/ZZTo4e_8TeV-powheg-pythia6/AODSIM/PU_S10_START53_V7A-v1/0000/40D01834-4DF9-E111-AD99-0017A4770C14.root  
/store/mc/Summer12_DR53X/ZZTo4e_8TeV-powheg-pythia6/AODSIM/PU_S10_START53_V7A-v1/0000/AEF40EE2-4DF9-E111-81DA-0017A4770808.root  
/store/mc/Summer12_DR53X/ZZTo4e_8TeV-powheg-pythia6/AODSIM/PU_S10_START53_V7A-v1/0000/CC3DC6EA-4EF9-E111-AEF6-00266CFFCD60.root  
/store/mc/Summer12_DR53X/ZZTo4e_8TeV-powheg-pythia6/AODSIM/PU_S10_START53_V7A-v1/0000/AE371C63-4FF9-E111-8C41-002481A7329C.root  
/store/mc/Summer12_DR53X/ZZTo4e_8TeV-powheg-pythia6/AODSIM/PU_S10_START53_V7A-v1/0000/06997488-4FF9-E111-9C3C-0025B3E02292.root  
/store/mc/Summer12_DR53X/ZZTo4e_8TeV-powheg-pythia6/AODSIM/PU_S10_START53_V7A-v1/0000/BAAFCFBB-50F9-E111-8828-00237DA1EDE0.root  
/store/mc/Summer12_DR53X/ZZTo4e_8TeV-powheg-pythia6/AODSIM/PU_S10_START53_V7A-v1/0000/CC89E982-51F9-E111-B672-00266CFF0ACC.root  
/store/mc/Summer12_DR53X/ZZTo4e_8TeV-powheg-pythia6/AODSIM/PU_S10_START53_V7A-v1/0000/F042F05C-52F9-E111-A29E-00266CFFC9C4.root  
/store/mc/Summer12_DR53X/ZZTo4e_8TeV-powheg-pythia6/AODSIM/PU_S10_START53_V7A-v1/0000/065AA151-6BF9-E111-A81B-AC162DAB0B08.root  
/store/mc/Summer12_DR53X/ZZTo4e_8TeV-powheg-pythia6/AODSIM/PU_S10_START53_V7A-v1/0000/901D1FE5-6BF9-E111-9D74-00266CFFBE54.root  
/store/mc/Summer12_DR53X/ZZTo4e_8TeV-powheg-pythia6/AODSIM/PU_S10_START53_V7A-v1/0000/367C8FAC-6BF9-E111-8334-1CC1DE1D03EA.root  
/store/mc/Summer12_DR53X/ZZTo4e_8TeV-powheg-pythia6/AODSIM/PU_S10_START53_V7A-v1/0000/4ADEFA33-6CF9-E111-B1FF-1CC1DE1CED1C.root  
/store/mc/Summer12_DR53X/ZZTo4e_8TeV-powheg-pythia6/AODSIM/PU_S10_START53_V7A-v1/0000/DCB5542A-58F9-E111-A6C5-1CC1DE1CF1BA.root  
/store/mc/Summer12_DR53X/ZZTo4e_8TeV-powheg-pythia6/AODSIM/PU_S10_START53_V7A-v1/0000/B00C89C0-58F9-E111-A7DD-0017A4770C3C.root  
/store/mc/Summer12_DR53X/ZZTo4e_8TeV-powheg-pythia6/AODSIM/PU_S10_START53_V7A-v1/0000/9AB03314-59F9-E111-A2E5-0017A4770C04.root  
/store/mc/Summer12_DR53X/ZZTo4e_8TeV-powheg-pythia6/AODSIM/PU_S10_START53_V7A-v1/0000/E6427A62-59F9-E111-8E9C-00266CFFBF88.root  
/store/mc/Summer12_DR53X/ZZTo4e_8TeV-powheg-pythia6/AODSIM/PU_S10_START53_V7A-v1/0000/8646F0B6-59F9-E111-BB7F-00266CFFC6CC.root  
/store/mc/Summer12_DR53X/ZZTo4e_8TeV-powheg-pythia6/AODSIM/PU_S10_START53_V7A-v1/0000/80C8E15D-59F9-E111-A93E-0017A4770C30.root  
/store/mc/Summer12_DR53X/ZZTo4e_8TeV-powheg-pythia6/AODSIM/PU_S10_START53_V7A-v1/0000/24B0464E-5AF9-E111-B421-1CC1DE1D14A0.root  
/store/mc/Summer12_DR53X/ZZTo4e_8TeV-powheg-pythia6/AODSIM/PU_S10_START53_V7A-v1/0000/60EAE963-62F9-E111-B7B2-1CC1DE047F98.root  
/store/mc/Summer12_DR53X/ZZTo4e_8TeV-powheg-pythia6/AODSIM/PU_S10_START53_V7A-v1/0000/4431BB15-64F9-E111-881C-0017A4771014.root  
/store/mc/Summer12_DR53X/ZZTo4e_8TeV-powheg-pythia6/AODSIM/PU_S10_START53_V7A-v1/0000/561E6936-64F9-E111-9A95-00266CFF090C.root  
/store/mc/Summer12_DR53X/ZZTo4e_8TeV-powheg-pythia6/AODSIM/PU_S10_START53_V7A-v1/0000/2685CEC1-64F9-E111-A6DE-00266CFFBCFC.root  
/store/mc/Summer12_DR53X/ZZTo4e_8TeV-powheg-pythia6/AODSIM/PU_S10_START53_V7A-v1/0000/AE83D17E-69F9-E111-9BF2-1CC1DE051080.root  
/store/mc/Summer12_DR53X/ZZTo4e_8TeV-powheg-pythia6/AODSIM/PU_S10_START53_V7A-v1/0000/14DC3EC6-69F9-E111-AD95-1CC1DE1D0600.root  
/store/mc/Summer12_DR53X/ZZTo4e_8TeV-powheg-pythia6/AODSIM/PU_S10_START53_V7A-v1/0000/9E9574CE-6AF9-E111-9993-1CC1DE051028.root  
/store/mc/Summer12_DR53X/ZZTo4e_8TeV-powheg-pythia6/AODSIM/PU_S10_START53_V7A-v1/0000/48C164F4-56F9-E111-AFEF-0017A4771018.root  
/store/mc/Summer12_DR53X/ZZTo4e_8TeV-powheg-pythia6/AODSIM/PU_S10_START53_V7A-v1/0000/9AEF5C58-57F9-E111-9B28-0017A4771008.root  
/store/mc/Summer12_DR53X/ZZTo4e_8TeV-powheg-pythia6/AODSIM/PU_S10_START53_V7A-v1/0000/FCE2B477-58F9-E111-9E98-00266CFF0840.root  
/store/mc/Summer12_DR53X/ZZTo4e_8TeV-powheg-pythia6/AODSIM/PU_S10_START53_V7A-v1/0000/A86AA832-71F9-E111-B9F0-00266CFEFDC4.root  
/store/mc/Summer12_DR53X/ZZTo4e_8TeV-powheg-pythia6/AODSIM/PU_S10_START53_V7A-v1/0000/24E17992-70F9-E111-BEFA-0017A4770C00.root  
/store/mc/Summer12_DR53X/ZZTo4e_8TeV-powheg-pythia6/AODSIM/PU_S10_START53_V7A-v1/0000/B20C349B-71F9-E111-8E46-00266CFFC43C.root  
/store/mc/Summer12_DR53X/ZZTo4e_8TeV-powheg-pythia6/AODSIM/PU_S10_START53_V7A-v1/0000/46648BD0-71F9-E111-B863-00266CFFBED8.root  
/store/mc/Summer12_DR53X/ZZTo4e_8TeV-powheg-pythia6/AODSIM/PU_S10_START53_V7A-v1/0000/DCD59766-72F9-E111-A08D-1CC1DE051118.root  
/store/mc/Summer12_DR53X/ZZTo4e_8TeV-powheg-pythia6/AODSIM/PU_S10_START53_V7A-v1/0000/6C95440A-73F9-E111-90EA-00266CFFBE14.root  
/store/mc/Summer12_DR53X/ZZTo4e_8TeV-powheg-pythia6/AODSIM/PU_S10_START53_V7A-v1/0000/C851FA88-76F9-E111-869C-0025B3E0216C.root  
/store/mc/Summer12_DR53X/ZZTo4e_8TeV-powheg-pythia6/AODSIM/PU_S10_START53_V7A-v1/0000/9EB9722C-77F9-E111-A7EF-00266CFFCD60.root  
/store/mc/Summer12_DR53X/ZZTo4e_8TeV-powheg-pythia6/AODSIM/PU_S10_START53_V7A-v1/0000/8E2C5ECA-76F9-E111-A83E-0017A4770410.root  
/store/mc/Summer12_DR53X/ZZTo4e_8TeV-powheg-pythia6/AODSIM/PU_S10_START53_V7A-v1/0000/A6F759BD-77F9-E111-BDA5-00266CFFC6CC.root  
/store/mc/Summer12_DR53X/ZZTo4e_8TeV-powheg-pythia6/AODSIM/PU_S10_START53_V7A-v1/0000/88D14F6F-78F9-E111-9623-00266CFFC76C.root  
/store/mc/Summer12_DR53X/ZZTo4e_8TeV-powheg-pythia6/AODSIM/PU_S10_START53_V7A-v1/0000/58CF1300-79F9-E111-84A9-00266CFFBF30.root  
/store/mc/Summer12_DR53X/ZZTo4e_8TeV-powheg-pythia6/AODSIM/PU_S10_START53_V7A-v1/0000/56E2C9E5-6CF9-E111-882D-00266CFFCB80.root  
/store/mc/Summer12_DR53X/ZZTo4e_8TeV-powheg-pythia6/AODSIM/PU_S10_START53_V7A-v1/0000/BC4A711F-6DF9-E111-8279-0025B3E0216C.root  
/store/mc/Summer12_DR53X/ZZTo4e_8TeV-powheg-pythia6/AODSIM/PU_S10_START53_V7A-v1/0000/2EC4E1B8-6DF9-E111-82BB-1CC1DE1CEAEE.root  
/store/mc/Summer12_DR53X/ZZTo4e_8TeV-powheg-pythia6/AODSIM/PU_S10_START53_V7A-v1/0000/CA360301-6EF9-E111-BA9C-00266CF65AC4.root  
/store/mc/Summer12_DR53X/ZZTo4e_8TeV-powheg-pythia6/AODSIM/PU_S10_START53_V7A-v1/0000/3A334FA7-6EF9-E111-A9F0-00266CFEFE70.root  
/store/mc/Summer12_DR53X/ZZTo4e_8TeV-powheg-pythia6/AODSIM/PU_S10_START53_V7A-v1/0000/469B8A83-65F9-E111-B79F-00266CFFC4E0.root  
/store/mc/Summer12_DR53X/ZZTo4e_8TeV-powheg-pythia6/AODSIM/PU_S10_START53_V7A-v1/0000/E806ACDB-65F9-E111-BBE2-00237DA13CA2.root  
/store/mc/Summer12_DR53X/ZZTo4e_8TeV-powheg-pythia6/AODSIM/PU_S10_START53_V7A-v1/0000/BCA4A114-66F9-E111-AFF6-1CC1DE1CDDBC.root  
/store/mc/Summer12_DR53X/ZZTo4e_8TeV-powheg-pythia6/AODSIM/PU_S10_START53_V7A-v1/0000/BC579AD1-66F9-E111-B98F-AC162DABCAF8.root  
/store/mc/Summer12_DR53X/ZZTo4e_8TeV-powheg-pythia6/AODSIM/PU_S10_START53_V7A-v1/0000/724D20B7-72F9-E111-A063-0017A4770820.root  
/store/mc/Summer12_DR53X/ZZTo4e_8TeV-powheg-pythia6/AODSIM/PU_S10_START53_V7A-v1/0000/F807FC5D-73F9-E111-8CE0-00266CFFCB80.root  
/store/mc/Summer12_DR53X/ZZTo4e_8TeV-powheg-pythia6/AODSIM/PU_S10_START53_V7A-v1/0000/7C932A52-6EF9-E111-96CB-1CC1DE1CF196.root  
/store/mc/Summer12_DR53X/ZZTo4e_8TeV-powheg-pythia6/AODSIM/PU_S10_START53_V7A-v1/0000/0C11F037-6FF9-E111-B839-00266CFF0234.root  
/store/mc/Summer12_DR53X/ZZTo4e_8TeV-powheg-pythia6/AODSIM/PU_S10_START53_V7A-v1/0000/34CC768C-6FF9-E111-B27B-00266CFFC948.root  
/store/mc/Summer12_DR53X/ZZTo4e_8TeV-powheg-pythia6/AODSIM/PU_S10_START53_V7A-v1/0000/386E2744-70F9-E111-8360-1CC1DE054078.root  
/store/mc/Summer12_DR53X/ZZTo4e_8TeV-powheg-pythia6/AODSIM/PU_S10_START53_V7A-v1/0000/DAFEACE1-6FF9-E111-B418-0025B3E020D0.root  
/store/mc/Summer12_DR53X/ZZTo4e_8TeV-powheg-pythia6/AODSIM/PU_S10_START53_V7A-v1/0000/587541F8-52F9-E111-9271-00266CFFC9C4.root  
/store/mc/Summer12_DR53X/ZZTo4e_8TeV-powheg-pythia6/AODSIM/PU_S10_START53_V7A-v1/0000/AA1D36A5-52F9-E111-B7E0-1CC1DE1D19FE.root  
/store/mc/Summer12_DR53X/ZZTo4e_8TeV-powheg-pythia6/AODSIM/PU_S10_START53_V7A-v1/0000/96FB7963-54F9-E111-B280-1CC1DE046FB0.root  
/store/mc/Summer12_DR53X/ZZTo4e_8TeV-powheg-pythia6/AODSIM/PU_S10_START53_V7A-v1/0000/E6A918D0-54F9-E111-839F-00266CFFBC74.root  
/store/mc/Summer12_DR53X/ZZTo4e_8TeV-powheg-pythia6/AODSIM/PU_S10_START53_V7A-v1/0000/465E471D-56F9-E111-95F4-00266CFFBC74.root  
/store/mc/Summer12_DR53X/ZZTo4e_8TeV-powheg-pythia6/AODSIM/PU_S10_START53_V7A-v1/0000/D44AD50F-56F9-E111-95B6-00237DA1A548.root  
/store/mc/Summer12_DR53X/ZZTo4e_8TeV-powheg-pythia6/AODSIM/PU_S10_START53_V7A-v1/0000/E26C2A80-56F9-E111-ACB4-1CC1DE1D2028.root  
/store/mc/Summer12_DR53X/ZZTo4e_8TeV-powheg-pythia6/AODSIM/PU_S10_START53_V7A-v1/0000/289185B5-56F9-E111-B838-AC162DABAF78.root  
/store/mc/Summer12_DR53X/ZZTo4e_8TeV-powheg-pythia6/AODSIM/PU_S10_START53_V7A-v1/0000/BC7AAE8B-57F9-E111-B55A-1CC1DE0503C0.root  
/store/mc/Summer12_DR53X/ZZTo4e_8TeV-powheg-pythia6/AODSIM/PU_S10_START53_V7A-v1/0000/96406AFB-7CF9-E111-8926-AC162DABAF78.root  
/store/mc/Summer12_DR53X/ZZTo4e_8TeV-powheg-pythia6/AODSIM/PU_S10_START53_V7A-v1/0000/84E32D66-7CF9-E111-B0BC-0017A4771030.root  
/store/mc/Summer12_DR53X/ZZTo4e_8TeV-powheg-pythia6/AODSIM/PU_S10_START53_V7A-v1/0000/0829F7FA-7CF9-E111-A8D3-00266CFFCC54.root  
/store/mc/Summer12_DR53X/ZZTo4e_8TeV-powheg-pythia6/AODSIM/PU_S10_START53_V7A-v1/0000/CE94E9E4-7DF9-E111-B73E-001B7875621E.root  
/store/mc/Summer12_DR53X/ZZTo4e_8TeV-powheg-pythia6/AODSIM/PU_S10_START53_V7A-v1/0000/742D04FA-73F9-E111-916F-00266CFFCCB4.root  
/store/mc/Summer12_DR53X/ZZTo4e_8TeV-powheg-pythia6/AODSIM/PU_S10_START53_V7A-v1/0000/664A25AC-73F9-E111-A6B8-1CC1DE1D1F80.root  
/store/mc/Summer12_DR53X/ZZTo4e_8TeV-powheg-pythia6/AODSIM/PU_S10_START53_V7A-v1/0000/2A0B30F8-74F9-E111-9434-1CC1DE04DF20.root  
/store/mc/Summer12_DR53X/ZZTo4e_8TeV-powheg-pythia6/AODSIM/PU_S10_START53_V7A-v1/0000/B4B547A7-74F9-E111-90C2-00266CFFBCE0.root  
/store/mc/Summer12_DR53X/ZZTo4e_8TeV-powheg-pythia6/AODSIM/PU_S10_START53_V7A-v1/0000/62E41A51-75F9-E111-A521-00266CFFBC60.root  
/store/mc/Summer12_DR53X/ZZTo4e_8TeV-powheg-pythia6/AODSIM/PU_S10_START53_V7A-v1/0000/943CBA90-75F9-E111-8945-1CC1DE1D03DE.root  
/store/mc/Summer12_DR53X/ZZTo4e_8TeV-powheg-pythia6/AODSIM/PU_S10_START53_V7A-v1/0000/48BEB8E3-70F9-E111-A657-1CC1DE0530F8.root  
/store/mc/Summer12_DR53X/ZZTo4e_8TeV-powheg-pythia6/AODSIM/PU_S10_START53_V7A-v1/0000/2C776B99-70F9-E111-BC56-0017A4770838.root  
/store/mc/Summer12_DR53X/ZZTo4e_8TeV-powheg-pythia6/AODSIM/PU_S10_START53_V7A-v1/0000/FEA2E4A6-5AF9-E111-8D79-00266CFFC044.root  
/store/mc/Summer12_DR53X/ZZTo4e_8TeV-powheg-pythia6/AODSIM/PU_S10_START53_V7A-v1/0000/B86320F0-5AF9-E111-87CC-00266CFFC80C.root  
/store/mc/Summer12_DR53X/ZZTo4e_8TeV-powheg-pythia6/AODSIM/PU_S10_START53_V7A-v1/0000/E6350547-5BF9-E111-B830-00266CFF0ACC.root  
/store/mc/Summer12_DR53X/ZZTo4e_8TeV-powheg-pythia6/AODSIM/PU_S10_START53_V7A-v1/0000/F8FB6392-5BF9-E111-961C-00266CFFBF84.root  
/store/mc/Summer12_DR53X/ZZTo4e_8TeV-powheg-pythia6/AODSIM/PU_S10_START53_V7A-v1/0000/A80EAA9D-5BF9-E111-B535-00237DA12CEC.root  
/store/mc/Summer12_DR53X/ZZTo4e_8TeV-powheg-pythia6/AODSIM/PU_S10_START53_V7A-v1/0000/B648EDDA-5BF9-E111-A87B-00266CFFC80C.root  
/store/mc/Summer12_DR53X/ZZTo4e_8TeV-powheg-pythia6/AODSIM/PU_S10_START53_V7A-v1/0000/F4D5AFF3-5FF9-E111-92D3-00237DA15C7C.root  
/store/mc/Summer12_DR53X/ZZTo4e_8TeV-powheg-pythia6/AODSIM/PU_S10_START53_V7A-v1/0000/561D67CE-60F9-E111-A5DD-00237DA15C7C.root  
/store/mc/Summer12_DR53X/ZZTo4e_8TeV-powheg-pythia6/AODSIM/PU_S10_START53_V7A-v1/0000/C4854C21-61F9-E111-ACEB-00266CFFBF94.root  
/store/mc/Summer12_DR53X/ZZTo4e_8TeV-powheg-pythia6/AODSIM/PU_S10_START53_V7A-v1/0000/CA50E430-5CF9-E111-9CB0-00266CFFBF50.root  
/store/mc/Summer12_DR53X/ZZTo4e_8TeV-powheg-pythia6/AODSIM/PU_S10_START53_V7A-v1/0000/22206C71-5DF9-E111-8813-00266CFFCAF0.root  
/store/mc/Summer12_DR53X/ZZTo4e_8TeV-powheg-pythia6/AODSIM/PU_S10_START53_V7A-v1/0000/FCEA0CBB-78F9-E111-9273-1CC1DE1CDD20.root  
/store/mc/Summer12_DR53X/ZZTo4e_8TeV-powheg-pythia6/AODSIM/PU_S10_START53_V7A-v1/0000/364A519B-79F9-E111-B0FE-00266CFFCCC8.root  
/store/mc/Summer12_DR53X/ZZTo4e_8TeV-powheg-pythia6/AODSIM/PU_S10_START53_V7A-v1/0000/7A7B3938-7AF9-E111-B84C-AC162DACE1B8.root  
/store/mc/Summer12_DR53X/ZZTo4e_8TeV-powheg-pythia6/AODSIM/PU_S10_START53_V7A-v1/0000/12079DF2-79F9-E111-AF93-0017A4770814.root  
/store/mc/Summer12_DR53X/ZZTo4e_8TeV-powheg-pythia6/AODSIM/PU_S10_START53_V7A-v1/0000/54476CD7-7AF9-E111-A2D8-00266CFFCCBC.root  
/store/mc/Summer12_DR53X/ZZTo4e_8TeV-powheg-pythia6/AODSIM/PU_S10_START53_V7A-v1/0000/9A235472-7BF9-E111-B8CE-00266CFFBE14.root  
/store/mc/Summer12_DR53X/ZZTo4e_8TeV-powheg-pythia6/AODSIM/PU_S10_START53_V7A-v1/0000/7C439A10-7CF9-E111-A98A-00266CFFBCDC.root  
/store/mc/Summer12_DR53X/ZZTo4e_8TeV-powheg-pythia6/AODSIM/PU_S10_START53_V7A-v1/0000/F47B3F24-5EF9-E111-8DD9-0017A4770430.root  
/store/mc/Summer12_DR53X/ZZTo4e_8TeV-powheg-pythia6/AODSIM/PU_S10_START53_V7A-v1/0000/0A3D050E-5FF9-E111-A2B3-0017A4770000.root  
/store/mc/Summer12_DR53X/ZZTo4e_8TeV-powheg-pythia6/AODSIM/PU_S10_START53_V7A-v1/0000/1690420D-5FF9-E111-9F6C-D8D3855B79E8.root  
/store/mc/Summer12_DR53X/ZZTo4e_8TeV-powheg-pythia6/AODSIM/PU_S10_START53_V7A-v1/0000/600833F3-5CF9-E111-B44B-0017A4770430.root  
/store/mc/Summer12_DR53X/ZZTo4e_8TeV-powheg-pythia6/AODSIM/PU_S10_START53_V7A-v1/0000/5CD96719-5DF9-E111-B788-1CC1DE1D1FE6.root  
/store/mc/Summer12_DR53X/ZZTo4e_8TeV-powheg-pythia6/AODSIM/PU_S10_START53_V7A-v1/0000/8CB0F55A-5EF9-E111-81A1-1CC1DE04FF48.root  
/store/mc/Summer12_DR53X/ZZTo4e_8TeV-powheg-pythia6/AODSIM/PU_S10_START53_V7A-v1/0000/ECC6E5B6-46F9-E111-8010-1CC1DE051028.root  
/store/mc/Summer12_DR53X/ZZTo4e_8TeV-powheg-pythia6/AODSIM/PU_S10_START53_V7A-v1/0000/46048315-4AF9-E111-A372-78E7D159B710.root  
/store/mc/Summer12_DR53X/ZZTo4e_8TeV-powheg-pythia6/AODSIM/PU_S10_START53_V7A-v1/0000/C0006A02-4BF9-E111-8D30-0017A4771024.root  
/store/mc/Summer12_DR53X/ZZTo4e_8TeV-powheg-pythia6/AODSIM/PU_S10_START53_V7A-v1/0000/B2F631E3-4BF9-E111-A4FA-1CC1DE1D03DE.root  
/store/mc/Summer12_DR53X/ZZTo4e_8TeV-powheg-pythia6/AODSIM/PU_S10_START53_V7A-v1/0000/A4C34CD1-4CF9-E111-B08B-1CC1DE0510A8.root  
/store/mc/Summer12_DR53X/ZZTo4e_8TeV-powheg-pythia6/AODSIM/PU_S10_START53_V7A-v1/0000/AAD11298-92F9-E111-B001-001E0B5FA528.root  
/store/mc/Summer12_DR53X/ZZTo4e_8TeV-powheg-pythia6/AODSIM/PU_S10_START53_V7A-v1/0000/6ED4F593-ABF9-E111-8C70-0017A4770024.root  
/store/mc/Summer12_DR53X/ZZTo4e_8TeV-powheg-pythia6/AODSIM/PU_S10_START53_V7A-v1/0000/60C5C5D6-88F9-E111-81F1-AC162DACC3F0.root  
/store/mc/Summer12_DR53X/ZZTo4e_8TeV-powheg-pythia6/AODSIM/PU_S10_START53_V7A-v1/0000/0C7F1670-89F9-E111-82CA-AC162DACC3F0.root  
/store/mc/Summer12_DR53X/ZZTo4e_8TeV-powheg-pythia6/AODSIM/PU_S10_START53_V7A-v1/0000/28E8EF0A-71FA-E111-8783-00266CFFBF38.root  
/store/mc/Summer12_DR53X/ZZTo4e_8TeV-powheg-pythia6/AODSIM/PU_S10_START53_V7A-v1/0000/30269294-A0F9-E111-9E96-0017A4770008.root  
/store/mc/Summer12_DR53X/ZZTo4e_8TeV-powheg-pythia6/AODSIM/PU_S10_START53_V7A-v1/0000/0C852A89-7EF9-E111-B9EB-00266CFFBE88.root  
/store/mc/Summer12_DR53X/ZZTo4e_8TeV-powheg-pythia6/AODSIM/PU_S10_START53_V7A-v1/0000/DCAD29C8-7EF9-E111-ABF0-00266CFFBF68.root  
/store/mc/Summer12_DR53X/ZZTo4e_8TeV-powheg-pythia6/AODSIM/PU_S10_START53_V7A-v1/0000/6281691E-80F9-E111-BAB0-00266CFFCA1C.root  
/store/mc/Summer12_DR53X/ZZTo4e_8TeV-powheg-pythia6/AODSIM/PU_S10_START53_V7A-v1/0000/84D2CDAA-80F9-E111-BA87-1CC1DE054078.root  
/store/mc/Summer12_DR53X/ZZTo4e_8TeV-powheg-pythia6/AODSIM/PU_S10_START53_V7A-v1/0000/4CCD3548-81F9-E111-A7C1-1CC1DE0590E8.root  
/store/mc/Summer12_DR53X/ZZTo4e_8TeV-powheg-pythia6/AODSIM/PU_S10_START53_V7A-v1/0000/605D4B31-93F9-E111-95A4-1CC1DE1CF196.root  
/store/mc/Summer12_DR53X/ZZTo4e_8TeV-powheg-pythia6/AODSIM/PU_S10_START53_V7A-v1/0000/0E5839DF-94F9-E111-AEB8-00266CFEFDE0.root  
/store/mc/Summer12_DR53X/ZZTo4e_8TeV-powheg-pythia6/AODSIM/PU_S10_START53_V7A-v1/0000/585B3F9A-8BF9-E111-A2D7-0017A4770830.root  
/store/mc/Summer12_DR53X/ZZTo4e_8TeV-powheg-pythia6/AODSIM/PU_S10_START53_V7A-v1/0000/9E454F2B-8DF9-E111-B330-00266CFFCD50.root  
/store/mc/Summer12_DR53X/ZZTo4e_8TeV-powheg-pythia6/AODSIM/PU_S10_START53_V7A-v1/0000/FA121605-82F9-E111-82F5-00266CFFC848.root  
/store/mc/Summer12_DR53X/ZZTo4e_8TeV-powheg-pythia6/AODSIM/PU_S10_START53_V7A-v1/0000/30AA9A85-82F9-E111-B33C-1CC1DE1CEAEE.root  
/store/mc/Summer12_DR53X/ZZTo4e_8TeV-powheg-pythia6/AODSIM/PU_S10_START53_V7A-v1/0000/D0E3FED8-82F9-E111-972F-00266CFFCAC0.root  
/store/mc/Summer12_DR53X/ZZTo4e_8TeV-powheg-pythia6/AODSIM/PU_S10_START53_V7A-v1/0000/D02063D1-84F9-E111-83AD-00266CFFCCBC.root  
/store/mc/Summer12_DR53X/ZZTo4e_8TeV-powheg-pythia6/AODSIM/PU_S10_START53_V7A-v1/0000/6896FBCB-84F9-E111-AB64-0017A4770418.root  
/store/mc/Summer12_DR53X/ZZTo4e_8TeV-powheg-pythia6/AODSIM/PU_S10_START53_V7A-v1/0000/1655C929-9CF9-E111-AF81-1CC1DE1CDDBC.root  
/store/mc/Summer12_DR53X/ZZTo4e_8TeV-powheg-pythia6/AODSIM/PU_S10_START53_V7A-v1/0000/30887BDA-8CF9-E111-9E6B-1CC1DE1CF196.root  
/store/mc/Summer12_DR53X/ZZTo4e_8TeV-powheg-pythia6/AODSIM/PU_S10_START53_V7A-v1/0000/582837D8-8DF9-E111-91FA-0017A4771008.root  
/store/mc/Summer12_DR53X/ZZTo4e_8TeV-powheg-pythia6/AODSIM/PU_S10_START53_V7A-v1/0000/5AFAED9C-8EF9-E111-BA0D-00266CFFC848.root  
/store/mc/Summer12_DR53X/ZZTo4e_8TeV-powheg-pythia6/AODSIM/PU_S10_START53_V7A-v1/0000/CE9AD158-8FF9-E111-B910-00266CFFC848.root  
/store/mc/Summer12_DR53X/ZZTo4e_8TeV-powheg-pythia6/AODSIM/PU_S10_START53_V7A-v1/0000/4C669DBA-90F9-E111-9724-00266CFFCC18.root  
/store/mc/Summer12_DR53X/ZZTo4e_8TeV-powheg-pythia6/AODSIM/PU_S10_START53_V7A-v1/0000/1E222E46-91F9-E111-A259-00266CFFC848.root  
/store/mc/Summer12_DR53X/ZZTo4e_8TeV-powheg-pythia6/AODSIM/PU_S10_START53_V7A-v1/0000/22763FBB-85F9-E111-AEB3-1CC1DE0590E8.root  
/store/mc/Summer12_DR53X/ZZTo4e_8TeV-powheg-pythia6/AODSIM/PU_S10_START53_V7A-v1/0000/3ADBFC2E-87F9-E111-83E5-0025B3E0216C.root  
/store/mc/Summer12_DR53X/ZZTo4e_8TeV-powheg-pythia6/AODSIM/PU_S10_START53_V7A-v1/0000/C6574D58-87F9-E111-A621-1CC1DE1D208E.root  
/store/mc/Summer12_DR53X/ZZTo4e_8TeV-powheg-pythia6/AODSIM/PU_S10_START53_V7A-v1/0000/EEFF32FE-8AF9-E111-8257-1CC1DE1D208E.root  
/store/mc/Summer12_DR53X/ZZTo4e_8TeV-powheg-pythia6/AODSIM/PU_S10_START53_V7A-v1/0000/52BB2040-8CF9-E111-898E-1CC1DE047F98.root  
/store/mc/Summer12_DR53X/ZZTo4e_8TeV-powheg-pythia6/AODSIM/PU_S10_START53_V7A-v1/0000/A2D40A03-8AF9-E111-842F-0017A4770018.root  
/store/mc/Summer12_DR53X/ZZTo4e_8TeV-powheg-pythia6/AODSIM/PU_S10_START53_V7A-v1/0000/DA0E1F4F-8AF9-E111-9491-00266CFFBF50.root  
/store/mc/Summer12_DR53X/ZZTo4e_8TeV-powheg-pythia6/AODSIM/PU_S10_START53_V7A-v1/0000/840D494E-C2F9-E111-B81B-1CC1DE1CF1F6.root  
