/store/mc/Summer12_DR53X/ZZTo2e2tau_8TeV-powheg-pythia6/AODSIM/PU_S10_START53_V7A-v1/0000/0A14D2A7-9FF8-E111-B2A5-1CC1DE1CED22.root  
/store/mc/Summer12_DR53X/ZZTo2e2tau_8TeV-powheg-pythia6/AODSIM/PU_S10_START53_V7A-v1/0000/4806529D-9FF8-E111-B152-1CC1DE1CF280.root  
/store/mc/Summer12_DR53X/ZZTo2e2tau_8TeV-powheg-pythia6/AODSIM/PU_S10_START53_V7A-v1/0000/709EB0E1-A0F8-E111-B9A0-1CC1DE1CF280.root  
/store/mc/Summer12_DR53X/ZZTo2e2tau_8TeV-powheg-pythia6/AODSIM/PU_S10_START53_V7A-v1/0000/38194591-A1F8-E111-B93E-00266CFFBCB0.root  
/store/mc/Summer12_DR53X/ZZTo2e2tau_8TeV-powheg-pythia6/AODSIM/PU_S10_START53_V7A-v1/0000/B424BEA4-97F8-E111-A8CC-0017A477100C.root  
/store/mc/Summer12_DR53X/ZZTo2e2tau_8TeV-powheg-pythia6/AODSIM/PU_S10_START53_V7A-v1/0000/4416DF7E-98F8-E111-A2B6-0017A477100C.root  
/store/mc/Summer12_DR53X/ZZTo2e2tau_8TeV-powheg-pythia6/AODSIM/PU_S10_START53_V7A-v1/0000/AA2EF58E-ADF8-E111-826B-00266CFFBF50.root  
/store/mc/Summer12_DR53X/ZZTo2e2tau_8TeV-powheg-pythia6/AODSIM/PU_S10_START53_V7A-v1/0000/A85CEA3A-AEF8-E111-89CF-00266CFFBF50.root  
/store/mc/Summer12_DR53X/ZZTo2e2tau_8TeV-powheg-pythia6/AODSIM/PU_S10_START53_V7A-v1/0000/B64F844A-AEF8-E111-9787-00237DA1AC2A.root  
/store/mc/Summer12_DR53X/ZZTo2e2tau_8TeV-powheg-pythia6/AODSIM/PU_S10_START53_V7A-v1/0000/4483AE27-B8F8-E111-90CE-AC162DABBBA0.root  
/store/mc/Summer12_DR53X/ZZTo2e2tau_8TeV-powheg-pythia6/AODSIM/PU_S10_START53_V7A-v1/0000/74E181ED-B8F8-E111-ADB8-1CC1DE052068.root  
/store/mc/Summer12_DR53X/ZZTo2e2tau_8TeV-powheg-pythia6/AODSIM/PU_S10_START53_V7A-v1/0000/9018C7F0-B8F8-E111-852A-00266CFFBE68.root  
/store/mc/Summer12_DR53X/ZZTo2e2tau_8TeV-powheg-pythia6/AODSIM/PU_S10_START53_V7A-v1/0000/3AA58EED-B8F8-E111-95A7-0017A4770030.root  
/store/mc/Summer12_DR53X/ZZTo2e2tau_8TeV-powheg-pythia6/AODSIM/PU_S10_START53_V7A-v1/0000/962D3567-B9F8-E111-A229-1CC1DE052068.root  
/store/mc/Summer12_DR53X/ZZTo2e2tau_8TeV-powheg-pythia6/AODSIM/PU_S10_START53_V7A-v1/0000/8E73FF08-9CF8-E111-8F62-00266CFFBCFC.root  
/store/mc/Summer12_DR53X/ZZTo2e2tau_8TeV-powheg-pythia6/AODSIM/PU_S10_START53_V7A-v1/0000/022A7991-9CF8-E111-9D69-AC162DACC328.root  
/store/mc/Summer12_DR53X/ZZTo2e2tau_8TeV-powheg-pythia6/AODSIM/PU_S10_START53_V7A-v1/0000/94F31798-B4F8-E111-8393-D8D385FF0B6A.root  
/store/mc/Summer12_DR53X/ZZTo2e2tau_8TeV-powheg-pythia6/AODSIM/PU_S10_START53_V7A-v1/0000/1200D437-B5F8-E111-8599-1CC1DE046FB0.root  
/store/mc/Summer12_DR53X/ZZTo2e2tau_8TeV-powheg-pythia6/AODSIM/PU_S10_START53_V7A-v1/0000/CA0988E8-B1F8-E111-BED4-AC162DAC3428.root  
/store/mc/Summer12_DR53X/ZZTo2e2tau_8TeV-powheg-pythia6/AODSIM/PU_S10_START53_V7A-v1/0000/9EC82D7D-B2F8-E111-B8DB-0017A4771000.root  
/store/mc/Summer12_DR53X/ZZTo2e2tau_8TeV-powheg-pythia6/AODSIM/PU_S10_START53_V7A-v1/0000/40EDE253-B0F8-E111-A979-00266CFF0A88.root  
/store/mc/Summer12_DR53X/ZZTo2e2tau_8TeV-powheg-pythia6/AODSIM/PU_S10_START53_V7A-v1/0000/0A8F4D5A-B0F8-E111-B328-0017A4770C38.root  
/store/mc/Summer12_DR53X/ZZTo2e2tau_8TeV-powheg-pythia6/AODSIM/PU_S10_START53_V7A-v1/0000/D8A64E04-B1F8-E111-804E-1CC1DE054078.root  
/store/mc/Summer12_DR53X/ZZTo2e2tau_8TeV-powheg-pythia6/AODSIM/PU_S10_START53_V7A-v1/0000/9483453E-A6F8-E111-9683-00266CFFCC7C.root  
/store/mc/Summer12_DR53X/ZZTo2e2tau_8TeV-powheg-pythia6/AODSIM/PU_S10_START53_V7A-v1/0000/242F12D1-A6F8-E111-B7F0-1CC1DE054078.root  
/store/mc/Summer12_DR53X/ZZTo2e2tau_8TeV-powheg-pythia6/AODSIM/PU_S10_START53_V7A-v1/0000/E243DAC6-A7F8-E111-91E2-1CC1DE1CEFC8.root  
/store/mc/Summer12_DR53X/ZZTo2e2tau_8TeV-powheg-pythia6/AODSIM/PU_S10_START53_V7A-v1/0000/208AFD79-A2F8-E111-91C9-0017A4770014.root  
/store/mc/Summer12_DR53X/ZZTo2e2tau_8TeV-powheg-pythia6/AODSIM/PU_S10_START53_V7A-v1/0000/D24AFF6E-A2F8-E111-A74B-0017A4771028.root  
/store/mc/Summer12_DR53X/ZZTo2e2tau_8TeV-powheg-pythia6/AODSIM/PU_S10_START53_V7A-v1/0000/3E4CEB0F-A3F8-E111-8361-0017A4770014.root  
/store/mc/Summer12_DR53X/ZZTo2e2tau_8TeV-powheg-pythia6/AODSIM/PU_S10_START53_V7A-v1/0000/5EA0E61D-A3F8-E111-BAE6-00266CFFBC60.root  
/store/mc/Summer12_DR53X/ZZTo2e2tau_8TeV-powheg-pythia6/AODSIM/PU_S10_START53_V7A-v1/0000/0EB59BB7-A3F8-E111-8011-1CC1DE056008.root  
/store/mc/Summer12_DR53X/ZZTo2e2tau_8TeV-powheg-pythia6/AODSIM/PU_S10_START53_V7A-v1/0000/B4D4D8BE-A3F8-E111-A510-00266CFFBF38.root  
/store/mc/Summer12_DR53X/ZZTo2e2tau_8TeV-powheg-pythia6/AODSIM/PU_S10_START53_V7A-v1/0000/9436CA58-A4F8-E111-9FB1-1CC1DE0530F8.root  
/store/mc/Summer12_DR53X/ZZTo2e2tau_8TeV-powheg-pythia6/AODSIM/PU_S10_START53_V7A-v1/0000/3478F6B8-A4F8-E111-B7BD-00266CFFBED8.root  
/store/mc/Summer12_DR53X/ZZTo2e2tau_8TeV-powheg-pythia6/AODSIM/PU_S10_START53_V7A-v1/0000/6E19653C-A5F8-E111-B678-0017A4770018.root  
/store/mc/Summer12_DR53X/ZZTo2e2tau_8TeV-powheg-pythia6/AODSIM/PU_S10_START53_V7A-v1/0000/C8513691-1EF9-E111-B54B-00266CFFC51C.root  
/store/mc/Summer12_DR53X/ZZTo2e2tau_8TeV-powheg-pythia6/AODSIM/PU_S10_START53_V7A-v1/0000/B2BBD52D-C1F8-E111-A1C1-AC162DACC3F8.root  
/store/mc/Summer12_DR53X/ZZTo2e2tau_8TeV-powheg-pythia6/AODSIM/PU_S10_START53_V7A-v1/0000/82E020DE-C1F8-E111-9E62-1CC1DE041FD8.root  
/store/mc/Summer12_DR53X/ZZTo2e2tau_8TeV-powheg-pythia6/AODSIM/PU_S10_START53_V7A-v1/0000/A6E776DF-99F8-E111-A17C-1CC1DE1CEDB2.root  
/store/mc/Summer12_DR53X/ZZTo2e2tau_8TeV-powheg-pythia6/AODSIM/PU_S10_START53_V7A-v1/0000/E254CB79-98F8-E111-8176-1CC1DE1CF196.root  
/store/mc/Summer12_DR53X/ZZTo2e2tau_8TeV-powheg-pythia6/AODSIM/PU_S10_START53_V7A-v1/0000/56463B56-9BF8-E111-8D7E-00266CFFC4C4.root  
/store/mc/Summer12_DR53X/ZZTo2e2tau_8TeV-powheg-pythia6/AODSIM/PU_S10_START53_V7A-v1/0000/920E551D-B6F8-E111-AB40-0017A477103C.root  
/store/mc/Summer12_DR53X/ZZTo2e2tau_8TeV-powheg-pythia6/AODSIM/PU_S10_START53_V7A-v1/0000/227B44B8-B6F8-E111-922D-0017A4770004.root  
/store/mc/Summer12_DR53X/ZZTo2e2tau_8TeV-powheg-pythia6/AODSIM/PU_S10_START53_V7A-v1/0000/0C974A5D-BFF8-E111-A23E-0017A4770034.root  
/store/mc/Summer12_DR53X/ZZTo2e2tau_8TeV-powheg-pythia6/AODSIM/PU_S10_START53_V7A-v1/0000/086DB0FC-BFF8-E111-9B93-00266CFEFE08.root  
/store/mc/Summer12_DR53X/ZZTo2e2tau_8TeV-powheg-pythia6/AODSIM/PU_S10_START53_V7A-v1/0000/FE0C91A3-C0F8-E111-ACF2-00266CFFBDB4.root  
/store/mc/Summer12_DR53X/ZZTo2e2tau_8TeV-powheg-pythia6/AODSIM/PU_S10_START53_V7A-v1/0000/A0626FF1-BAF8-E111-8359-00266CFF0608.root  
/store/mc/Summer12_DR53X/ZZTo2e2tau_8TeV-powheg-pythia6/AODSIM/PU_S10_START53_V7A-v1/0000/8E226C1D-9EF8-E111-99A2-1CC1DE1D03EA.root  
/store/mc/Summer12_DR53X/ZZTo2e2tau_8TeV-powheg-pythia6/AODSIM/PU_S10_START53_V7A-v1/0000/2AB153BA-9EF8-E111-ADEE-00237DA1B34E.root  
/store/mc/Summer12_DR53X/ZZTo2e2tau_8TeV-powheg-pythia6/AODSIM/PU_S10_START53_V7A-v1/0000/CA81EFCB-9EF8-E111-AB6D-00266CFFC7CC.root  
/store/mc/Summer12_DR53X/ZZTo2e2tau_8TeV-powheg-pythia6/AODSIM/PU_S10_START53_V7A-v1/0000/2A27B02A-ACF8-E111-A203-0017A477101C.root  
/store/mc/Summer12_DR53X/ZZTo2e2tau_8TeV-powheg-pythia6/AODSIM/PU_S10_START53_V7A-v1/0000/348979A7-BDF8-E111-9D20-1CC1DE1CE170.root  
/store/mc/Summer12_DR53X/ZZTo2e2tau_8TeV-powheg-pythia6/AODSIM/PU_S10_START53_V7A-v1/0000/62036BEA-BDF8-E111-90E5-0017A4770838.root  
/store/mc/Summer12_DR53X/ZZTo2e2tau_8TeV-powheg-pythia6/AODSIM/PU_S10_START53_V7A-v1/0000/E4CA092F-BEF8-E111-9812-0017A4770034.root  
/store/mc/Summer12_DR53X/ZZTo2e2tau_8TeV-powheg-pythia6/AODSIM/PU_S10_START53_V7A-v1/0000/14EA72C5-92F8-E111-B808-1CC1DE1D16D4.root  
/store/mc/Summer12_DR53X/ZZTo2e2tau_8TeV-powheg-pythia6/AODSIM/PU_S10_START53_V7A-v1/0000/C63C4D2C-9DF8-E111-ADE9-AC162DA8E1E8.root  
/store/mc/Summer12_DR53X/ZZTo2e2tau_8TeV-powheg-pythia6/AODSIM/PU_S10_START53_V7A-v1/0000/DE31580C-AFF8-E111-B021-1CC1DE051038.root  
/store/mc/Summer12_DR53X/ZZTo2e2tau_8TeV-powheg-pythia6/AODSIM/PU_S10_START53_V7A-v1/0000/C622710B-AFF8-E111-A081-1CC1DE051028.root  
/store/mc/Summer12_DR53X/ZZTo2e2tau_8TeV-powheg-pythia6/AODSIM/PU_S10_START53_V7A-v1/0000/8C76F9EB-A9F8-E111-B999-0017A4771004.root  
/store/mc/Summer12_DR53X/ZZTo2e2tau_8TeV-powheg-pythia6/AODSIM/PU_S10_START53_V7A-v1/0000/60981BCE-AAF8-E111-8234-1CC1DE1D03EA.root  
/store/mc/Summer12_DR53X/ZZTo2e2tau_8TeV-powheg-pythia6/AODSIM/PU_S10_START53_V7A-v1/0000/A009C473-ABF8-E111-BF3A-1CC1DE1D14A0.root  
/store/mc/Summer12_DR53X/ZZTo2e2tau_8TeV-powheg-pythia6/AODSIM/PU_S10_START53_V7A-v1/0000/74634D2A-ACF8-E111-B439-1CC1DE1D14A0.root  
/store/mc/Summer12_DR53X/ZZTo2e2tau_8TeV-powheg-pythia6/AODSIM/PU_S10_START53_V7A-v1/0000/4AF36171-C2F8-E111-AF27-AC162DACC3F8.root  
/store/mc/Summer12_DR53X/ZZTo2e2tau_8TeV-powheg-pythia6/AODSIM/PU_S10_START53_V7A-v1/0000/F6C0F2C5-C2F8-E111-86AC-1CC1DE1D014A.root  
/store/mc/Summer12_DR53X/ZZTo2e2tau_8TeV-powheg-pythia6/AODSIM/PU_S10_START53_V7A-v1/0000/CE1BDAE5-BAF8-E111-BFEF-0017A477041C.root  
/store/mc/Summer12_DR53X/ZZTo2e2tau_8TeV-powheg-pythia6/AODSIM/PU_S10_START53_V7A-v1/0000/04F42A17-BCF8-E111-904C-00237DA28240.root  
/store/mc/Summer12_DR53X/ZZTo2e2tau_8TeV-powheg-pythia6/AODSIM/PU_S10_START53_V7A-v1/0000/6CE8A21A-BCF8-E111-A4B1-0017A477083C.root  
/store/mc/Summer12_DR53X/ZZTo2e2tau_8TeV-powheg-pythia6/AODSIM/PU_S10_START53_V7A-v1/0000/50E46BC6-BCF8-E111-A1F5-00266CFFCAC8.root  
/store/mc/Summer12_DR53X/ZZTo2e2tau_8TeV-powheg-pythia6/AODSIM/PU_S10_START53_V7A-v1/0000/AC47AB6F-F1F8-E111-9D19-00266CFFC89C.root  
/store/mc/Summer12_DR53X/ZZTo2e2tau_8TeV-powheg-pythia6/AODSIM/PU_S10_START53_V7A-v1/0000/26E27056-E5F8-E111-B743-1CC1DE1CDDBC.root  
/store/mc/Summer12_DR53X/ZZTo2e2tau_8TeV-powheg-pythia6/AODSIM/PU_S10_START53_V7A-v1/0000/54F4C07A-B3F8-E111-8669-00266CFFCC7C.root  
/store/mc/Summer12_DR53X/ZZTo2e2tau_8TeV-powheg-pythia6/AODSIM/PU_S10_START53_V7A-v1/0000/6A548982-B3F8-E111-9C08-1CC1DE1CDF2A.root  
/store/mc/Summer12_DR53X/ZZTo2e2tau_8TeV-powheg-pythia6/AODSIM/PU_S10_START53_V7A-v1/0000/829E4587-B3F8-E111-9B2C-0017A4771000.root  
/store/mc/Summer12_DR53X/ZZTo2e2tau_8TeV-powheg-pythia6/AODSIM/PU_S10_START53_V7A-v1/0000/4E395987-C5F8-E111-A7BE-00266CFFCD60.root  
/store/mc/Summer12_DR53X/ZZTo2e2tau_8TeV-powheg-pythia6/AODSIM/PU_S10_START53_V7A-v1/0000/26D9A3B4-A8F8-E111-9ED0-00266CFFBE68.root  
/store/mc/Summer12_DR53X/ZZTo2e2tau_8TeV-powheg-pythia6/AODSIM/PU_S10_START53_V7A-v1/0000/C8801C51-A9F8-E111-BF7D-0025B3E01806.root  
/store/mc/Summer12_DR53X/ZZTo2e2tau_8TeV-powheg-pythia6/AODSIM/PU_S10_START53_V7A-v1/0000/EAB31F21-80F9-E111-A541-00266CFFCD00.root  
