/store/mc/Summer12_DR53X/ZZTo2e2mu_8TeV-powheg-pythia6/AODSIM/PU_S10_START53_V7A-v1/0000/084BF4D1-B9EE-E111-A488-00237DA46FF4.root  
/store/mc/Summer12_DR53X/ZZTo2e2mu_8TeV-powheg-pythia6/AODSIM/PU_S10_START53_V7A-v1/0000/90634CB5-A6EE-E111-BE0E-0017A4770004.root  
/store/mc/Summer12_DR53X/ZZTo2e2mu_8TeV-powheg-pythia6/AODSIM/PU_S10_START53_V7A-v1/0000/52AD68D7-A7EE-E111-931D-00237DA1DDE4.root  
/store/mc/Summer12_DR53X/ZZTo2e2mu_8TeV-powheg-pythia6/AODSIM/PU_S10_START53_V7A-v1/0000/44CC0C08-A9EE-E111-8F80-1CC1DE1CE128.root  
/store/mc/Summer12_DR53X/ZZTo2e2mu_8TeV-powheg-pythia6/AODSIM/PU_S10_START53_V7A-v1/0000/54B74DA7-AAEE-E111-AC18-1CC1DE051080.root  
/store/mc/Summer12_DR53X/ZZTo2e2mu_8TeV-powheg-pythia6/AODSIM/PU_S10_START53_V7A-v1/0000/D28B168C-D7EE-E111-9620-1CC1DE052048.root  
/store/mc/Summer12_DR53X/ZZTo2e2mu_8TeV-powheg-pythia6/AODSIM/PU_S10_START53_V7A-v1/0000/2AF21037-D8EE-E111-9EC2-AC162DA87230.root  
/store/mc/Summer12_DR53X/ZZTo2e2mu_8TeV-powheg-pythia6/AODSIM/PU_S10_START53_V7A-v1/0000/6A270644-D9EE-E111-9E7B-00266CFFC0C0.root  
/store/mc/Summer12_DR53X/ZZTo2e2mu_8TeV-powheg-pythia6/AODSIM/PU_S10_START53_V7A-v1/0000/1603A96C-DBEE-E111-B5A1-1CC1DE1D2004.root  
/store/mc/Summer12_DR53X/ZZTo2e2mu_8TeV-powheg-pythia6/AODSIM/PU_S10_START53_V7A-v1/0000/A8145DF6-DBEE-E111-A09B-00266CFEFDC4.root  
/store/mc/Summer12_DR53X/ZZTo2e2mu_8TeV-powheg-pythia6/AODSIM/PU_S10_START53_V7A-v1/0000/0AB8AF7C-B2EE-E111-981B-0017A4770404.root  
/store/mc/Summer12_DR53X/ZZTo2e2mu_8TeV-powheg-pythia6/AODSIM/PU_S10_START53_V7A-v1/0000/0A541FEE-B2EE-E111-AD09-AC162DACC3F8.root  
/store/mc/Summer12_DR53X/ZZTo2e2mu_8TeV-powheg-pythia6/AODSIM/PU_S10_START53_V7A-v1/0000/BAF90417-D1EE-E111-A194-1CC1DE1D03EA.root  
/store/mc/Summer12_DR53X/ZZTo2e2mu_8TeV-powheg-pythia6/AODSIM/PU_S10_START53_V7A-v1/0000/B227DC3F-DDEE-E111-82E5-1CC1DE056080.root  
/store/mc/Summer12_DR53X/ZZTo2e2mu_8TeV-powheg-pythia6/AODSIM/PU_S10_START53_V7A-v1/0000/0218496B-D2EE-E111-91DA-1CC1DE052068.root  
/store/mc/Summer12_DR53X/ZZTo2e2mu_8TeV-powheg-pythia6/AODSIM/PU_S10_START53_V7A-v1/0000/AE10949C-DEEE-E111-9ACE-1CC1DE1D036C.root  
/store/mc/Summer12_DR53X/ZZTo2e2mu_8TeV-powheg-pythia6/AODSIM/PU_S10_START53_V7A-v1/0000/A24837FF-DEEE-E111-9586-00266CFF0ACC.root  
/store/mc/Summer12_DR53X/ZZTo2e2mu_8TeV-powheg-pythia6/AODSIM/PU_S10_START53_V7A-v1/0000/4842A07D-DFEE-E111-AB46-00237DA46FF4.root  
/store/mc/Summer12_DR53X/ZZTo2e2mu_8TeV-powheg-pythia6/AODSIM/PU_S10_START53_V7A-v1/0000/B82DC9C0-E0EE-E111-8A7C-1CC1DE0500F0.root  
/store/mc/Summer12_DR53X/ZZTo2e2mu_8TeV-powheg-pythia6/AODSIM/PU_S10_START53_V7A-v1/0000/B0E6EC40-E1EE-E111-92F3-1CC1DE0500F0.root  
/store/mc/Summer12_DR53X/ZZTo2e2mu_8TeV-powheg-pythia6/AODSIM/PU_S10_START53_V7A-v1/0000/F2C5F5FE-CBEE-E111-AD18-1CC1DE047F98.root  
/store/mc/Summer12_DR53X/ZZTo2e2mu_8TeV-powheg-pythia6/AODSIM/PU_S10_START53_V7A-v1/0000/E6FECB8F-DDEE-E111-9AE6-1CC1DE1D16AA.root  
/store/mc/Summer12_DR53X/ZZTo2e2mu_8TeV-powheg-pythia6/AODSIM/PU_S10_START53_V7A-v1/0000/52867D9F-8DEE-E111-B48D-1CC1DE0530F8.root  
/store/mc/Summer12_DR53X/ZZTo2e2mu_8TeV-powheg-pythia6/AODSIM/PU_S10_START53_V7A-v1/0000/0665685F-C8EE-E111-A39D-1CC1DE04FF50.root  
/store/mc/Summer12_DR53X/ZZTo2e2mu_8TeV-powheg-pythia6/AODSIM/PU_S10_START53_V7A-v1/0000/42C55BED-C8EE-E111-BF65-00266CFFBED8.root  
/store/mc/Summer12_DR53X/ZZTo2e2mu_8TeV-powheg-pythia6/AODSIM/PU_S10_START53_V7A-v1/0000/427B50AF-E8EE-E111-82F0-1CC1DE04DF70.root  
/store/mc/Summer12_DR53X/ZZTo2e2mu_8TeV-powheg-pythia6/AODSIM/PU_S10_START53_V7A-v1/0000/624BD0E8-E9EE-E111-8DC9-0017A477101C.root  
/store/mc/Summer12_DR53X/ZZTo2e2mu_8TeV-powheg-pythia6/AODSIM/PU_S10_START53_V7A-v1/0000/16418EA0-8EEE-E111-B7DC-0025B3E01806.root  
/store/mc/Summer12_DR53X/ZZTo2e2mu_8TeV-powheg-pythia6/AODSIM/PU_S10_START53_V7A-v1/0000/2CF100F8-ADEE-E111-999D-0017A4770C30.root  
/store/mc/Summer12_DR53X/ZZTo2e2mu_8TeV-powheg-pythia6/AODSIM/PU_S10_START53_V7A-v1/0000/46E46C65-9FEE-E111-ACE9-1CC1DE1CE56C.root  
/store/mc/Summer12_DR53X/ZZTo2e2mu_8TeV-powheg-pythia6/AODSIM/PU_S10_START53_V7A-v1/0000/EA793143-A0EE-E111-B697-1CC1DE047FD8.root  
/store/mc/Summer12_DR53X/ZZTo2e2mu_8TeV-powheg-pythia6/AODSIM/PU_S10_START53_V7A-v1/0000/3230D67D-EAEE-E111-81FD-0017A4771024.root  
/store/mc/Summer12_DR53X/ZZTo2e2mu_8TeV-powheg-pythia6/AODSIM/PU_S10_START53_V7A-v1/0000/BE4E4F6F-D0EE-E111-90A1-1CC1DE052068.root  
/store/mc/Summer12_DR53X/ZZTo2e2mu_8TeV-powheg-pythia6/AODSIM/PU_S10_START53_V7A-v1/0000/D407FA79-B0EE-E111-B1D0-0025B3E01806.root  
/store/mc/Summer12_DR53X/ZZTo2e2mu_8TeV-powheg-pythia6/AODSIM/PU_S10_START53_V7A-v1/0000/DE894AE1-8AEE-E111-A7C2-0017A4770C30.root  
/store/mc/Summer12_DR53X/ZZTo2e2mu_8TeV-powheg-pythia6/AODSIM/PU_S10_START53_V7A-v1/0000/A446E34D-DAEE-E111-B532-1CC1DE0437C8.root  
/store/mc/Summer12_DR53X/ZZTo2e2mu_8TeV-powheg-pythia6/AODSIM/PU_S10_START53_V7A-v1/0000/42ED98B9-ECEE-E111-8622-00266CFFC7CC.root  
/store/mc/Summer12_DR53X/ZZTo2e2mu_8TeV-powheg-pythia6/AODSIM/PU_S10_START53_V7A-v1/0000/1603C8E9-76EE-E111-BF2F-00266CFF090C.root  
/store/mc/Summer12_DR53X/ZZTo2e2mu_8TeV-powheg-pythia6/AODSIM/PU_S10_START53_V7A-v1/0000/00CBF3DD-77EE-E111-BCF4-0017A4770410.root  
/store/mc/Summer12_DR53X/ZZTo2e2mu_8TeV-powheg-pythia6/AODSIM/PU_S10_START53_V7A-v1/0000/82EDA4CD-78EE-E111-A0A2-1CC1DE047F98.root  
/store/mc/Summer12_DR53X/ZZTo2e2mu_8TeV-powheg-pythia6/AODSIM/PU_S10_START53_V7A-v1/0000/EE2178D2-78EE-E111-91A0-0017A4770034.root  
/store/mc/Summer12_DR53X/ZZTo2e2mu_8TeV-powheg-pythia6/AODSIM/PU_S10_START53_V7A-v1/0000/D8F83F75-7AEE-E111-9A84-00266CFEFC38.root  
/store/mc/Summer12_DR53X/ZZTo2e2mu_8TeV-powheg-pythia6/AODSIM/PU_S10_START53_V7A-v1/0000/6E5A6BF7-7AEE-E111-BBD3-00266CFFCC18.root  
/store/mc/Summer12_DR53X/ZZTo2e2mu_8TeV-powheg-pythia6/AODSIM/PU_S10_START53_V7A-v1/0000/2008D5A9-9AEE-E111-84D8-00266CFFCD6C.root  
/store/mc/Summer12_DR53X/ZZTo2e2mu_8TeV-powheg-pythia6/AODSIM/PU_S10_START53_V7A-v1/0000/E45E049B-9BEE-E111-83C1-0017A477042C.root  
/store/mc/Summer12_DR53X/ZZTo2e2mu_8TeV-powheg-pythia6/AODSIM/PU_S10_START53_V7A-v1/0000/E8A20EFD-CDEE-E111-A8E6-0017A4770418.root  
/store/mc/Summer12_DR53X/ZZTo2e2mu_8TeV-powheg-pythia6/AODSIM/PU_S10_START53_V7A-v1/0000/E0F8B796-CEEE-E111-86AC-1CC1DE1D2028.root  
/store/mc/Summer12_DR53X/ZZTo2e2mu_8TeV-powheg-pythia6/AODSIM/PU_S10_START53_V7A-v1/0000/A22C47F5-B3EE-E111-84A9-00266CFFC7CC.root  
/store/mc/Summer12_DR53X/ZZTo2e2mu_8TeV-powheg-pythia6/AODSIM/PU_S10_START53_V7A-v1/0000/226DD5A0-96EE-E111-B67B-00266CFFCAC0.root  
/store/mc/Summer12_DR53X/ZZTo2e2mu_8TeV-powheg-pythia6/AODSIM/PU_S10_START53_V7A-v1/0000/16624589-96EE-E111-84DE-00266CFFC598.root  
/store/mc/Summer12_DR53X/ZZTo2e2mu_8TeV-powheg-pythia6/AODSIM/PU_S10_START53_V7A-v1/0000/7286817B-BFEE-E111-9FDF-00266CFFCC18.root  
/store/mc/Summer12_DR53X/ZZTo2e2mu_8TeV-powheg-pythia6/AODSIM/PU_S10_START53_V7A-v1/0000/5EF29E7E-BFEE-E111-A131-0017A4770434.root  
/store/mc/Summer12_DR53X/ZZTo2e2mu_8TeV-powheg-pythia6/AODSIM/PU_S10_START53_V7A-v1/0000/28EF4CB5-73EE-E111-B6FA-1CC1DE1CF1F6.root  
/store/mc/Summer12_DR53X/ZZTo2e2mu_8TeV-powheg-pythia6/AODSIM/PU_S10_START53_V7A-v1/0000/A492426D-74EE-E111-8A6D-1CC1DE1CE128.root  
/store/mc/Summer12_DR53X/ZZTo2e2mu_8TeV-powheg-pythia6/AODSIM/PU_S10_START53_V7A-v1/0000/0E4FE3DB-A2EE-E111-9A6F-1CC1DE1CED22.root  
/store/mc/Summer12_DR53X/ZZTo2e2mu_8TeV-powheg-pythia6/AODSIM/PU_S10_START53_V7A-v1/0000/0EE3FCE6-A3EE-E111-9DC3-00266CFFBCD0.root  
/store/mc/Summer12_DR53X/ZZTo2e2mu_8TeV-powheg-pythia6/AODSIM/PU_S10_START53_V7A-v1/0000/D8D10EFD-A4EE-E111-82DC-1CC1DE1CE170.root  
/store/mc/Summer12_DR53X/ZZTo2e2mu_8TeV-powheg-pythia6/AODSIM/PU_S10_START53_V7A-v1/0000/BC876F72-BCEE-E111-AE8C-00266CFFC0C0.root  
/store/mc/Summer12_DR53X/ZZTo2e2mu_8TeV-powheg-pythia6/AODSIM/PU_S10_START53_V7A-v1/0000/5271A80E-BDEE-E111-A2D8-00266CFFC0C0.root  
/store/mc/Summer12_DR53X/ZZTo2e2mu_8TeV-powheg-pythia6/AODSIM/PU_S10_START53_V7A-v1/0000/3E16518C-ABEE-E111-8D5C-0017A4770038.root  
/store/mc/Summer12_DR53X/ZZTo2e2mu_8TeV-powheg-pythia6/AODSIM/PU_S10_START53_V7A-v1/0000/3634A0DB-ABEE-E111-B06C-0017A4770018.root  
/store/mc/Summer12_DR53X/ZZTo2e2mu_8TeV-powheg-pythia6/AODSIM/PU_S10_START53_V7A-v1/0000/04D5E052-ADEE-E111-819B-1CC1DE0437C8.root  
/store/mc/Summer12_DR53X/ZZTo2e2mu_8TeV-powheg-pythia6/AODSIM/PU_S10_START53_V7A-v1/0000/9690835A-92EE-E111-BE4A-1CC1DE1CDF2A.root  
/store/mc/Summer12_DR53X/ZZTo2e2mu_8TeV-powheg-pythia6/AODSIM/PU_S10_START53_V7A-v1/0000/8C4707AC-92EE-E111-A80F-1CC1DE1D03FC.root  
/store/mc/Summer12_DR53X/ZZTo2e2mu_8TeV-powheg-pythia6/AODSIM/PU_S10_START53_V7A-v1/0000/60AA873A-93EE-E111-8C43-1CC1DE047F98.root  
/store/mc/Summer12_DR53X/ZZTo2e2mu_8TeV-powheg-pythia6/AODSIM/PU_S10_START53_V7A-v1/0000/C0B127F6-9DEE-E111-A00A-00266CFFBFC0.root  
/store/mc/Summer12_DR53X/ZZTo2e2mu_8TeV-powheg-pythia6/AODSIM/PU_S10_START53_V7A-v1/0000/0E72ED53-9EEE-E111-9C31-1CC1DE051038.root  
/store/mc/Summer12_DR53X/ZZTo2e2mu_8TeV-powheg-pythia6/AODSIM/PU_S10_START53_V7A-v1/0000/FAFA911E-D3EE-E111-AFD4-1CC1DE1CE56C.root  
/store/mc/Summer12_DR53X/ZZTo2e2mu_8TeV-powheg-pythia6/AODSIM/PU_S10_START53_V7A-v1/0000/6E32CF35-C4EE-E111-86E1-00237DA1FC56.root  
/store/mc/Summer12_DR53X/ZZTo2e2mu_8TeV-powheg-pythia6/AODSIM/PU_S10_START53_V7A-v1/0000/AA20D591-C4EE-E111-A20C-1CC1DE1D014A.root  
/store/mc/Summer12_DR53X/ZZTo2e2mu_8TeV-powheg-pythia6/AODSIM/PU_S10_START53_V7A-v1/0000/64462B00-D5EE-E111-9996-00266CF65AC4.root  
/store/mc/Summer12_DR53X/ZZTo2e2mu_8TeV-powheg-pythia6/AODSIM/PU_S10_START53_V7A-v1/0000/9C09D0F5-D5EE-E111-83DF-1CC1DE051028.root  
/store/mc/Summer12_DR53X/ZZTo2e2mu_8TeV-powheg-pythia6/AODSIM/PU_S10_START53_V7A-v1/0000/225BB1A5-D6EE-E111-97BC-00266CFFC848.root  
/store/mc/Summer12_DR53X/ZZTo2e2mu_8TeV-powheg-pythia6/AODSIM/PU_S10_START53_V7A-v1/0000/CC20CFEF-86EE-E111-A473-1CC1DE1CE170.root  
/store/mc/Summer12_DR53X/ZZTo2e2mu_8TeV-powheg-pythia6/AODSIM/PU_S10_START53_V7A-v1/0000/9AB9E1F7-87EE-E111-B5F1-1CC1DE1D208E.root  
/store/mc/Summer12_DR53X/ZZTo2e2mu_8TeV-powheg-pythia6/AODSIM/PU_S10_START53_V7A-v1/0000/D45CD86B-7CEE-E111-B2BA-1CC1DE1CED1C.root  
/store/mc/Summer12_DR53X/ZZTo2e2mu_8TeV-powheg-pythia6/AODSIM/PU_S10_START53_V7A-v1/0000/FC0EF90F-7EEE-E111-8227-1CC1DE056080.root  
/store/mc/Summer12_DR53X/ZZTo2e2mu_8TeV-powheg-pythia6/AODSIM/PU_S10_START53_V7A-v1/0000/0CC5F21B-C6EE-E111-96C7-1CC1DE1CDD20.root  
/store/mc/Summer12_DR53X/ZZTo2e2mu_8TeV-powheg-pythia6/AODSIM/PU_S10_START53_V7A-v1/0000/6ABFDDD8-75EE-E111-B9A8-0025B3E01FC2.root  
/store/mc/Summer12_DR53X/ZZTo2e2mu_8TeV-powheg-pythia6/AODSIM/PU_S10_START53_V7A-v1/0000/3818933E-CAEE-E111-8316-1CC1DE0437C8.root  
/store/mc/Summer12_DR53X/ZZTo2e2mu_8TeV-powheg-pythia6/AODSIM/PU_S10_START53_V7A-v1/0000/04BBCE26-A1EE-E111-BFB5-1CC1DE0437C8.root  
/store/mc/Summer12_DR53X/ZZTo2e2mu_8TeV-powheg-pythia6/AODSIM/PU_S10_START53_V7A-v1/0000/1C4C7EC3-A1EE-E111-BCEF-0025B3E01806.root  
/store/mc/Summer12_DR53X/ZZTo2e2mu_8TeV-powheg-pythia6/AODSIM/PU_S10_START53_V7A-v1/0000/A8E1EBAF-EEEE-E111-BACC-0017A4770C04.root  
/store/mc/Summer12_DR53X/ZZTo2e2mu_8TeV-powheg-pythia6/AODSIM/PU_S10_START53_V7A-v1/0000/04083BA6-BDEE-E111-B614-00237DA13C2E.root  
/store/mc/Summer12_DR53X/ZZTo2e2mu_8TeV-powheg-pythia6/AODSIM/PU_S10_START53_V7A-v1/0000/849E3AB6-9CEE-E111-9873-0017A4771034.root  
/store/mc/Summer12_DR53X/ZZTo2e2mu_8TeV-powheg-pythia6/AODSIM/PU_S10_START53_V7A-v1/0000/AC7DC645-9DEE-E111-9117-1CC1DE052048.root  
/store/mc/Summer12_DR53X/ZZTo2e2mu_8TeV-powheg-pythia6/AODSIM/PU_S10_START53_V7A-v1/0000/7E815C9E-E7EE-E111-943B-0017A477002C.root  
/store/mc/Summer12_DR53X/ZZTo2e2mu_8TeV-powheg-pythia6/AODSIM/PU_S10_START53_V7A-v1/0000/B86B572D-C1EE-E111-90C9-1CC1DE048FB0.root  
/store/mc/Summer12_DR53X/ZZTo2e2mu_8TeV-powheg-pythia6/AODSIM/PU_S10_START53_V7A-v1/0000/A4991187-84EE-E111-9400-1CC1DE0570A0.root  
/store/mc/Summer12_DR53X/ZZTo2e2mu_8TeV-powheg-pythia6/AODSIM/PU_S10_START53_V7A-v1/0000/D4033554-F4EE-E111-902C-0017A477040C.root  
/store/mc/Summer12_DR53X/ZZTo2e2mu_8TeV-powheg-pythia6/AODSIM/PU_S10_START53_V7A-v1/0000/623E68A9-C1EE-E111-B6CA-00266CFFBF30.root  
/store/mc/Summer12_DR53X/ZZTo2e2mu_8TeV-powheg-pythia6/AODSIM/PU_S10_START53_V7A-v1/0000/9ADEE44E-C2EE-E111-BAFE-1CC1DE1D1452.root  
/store/mc/Summer12_DR53X/ZZTo2e2mu_8TeV-powheg-pythia6/AODSIM/PU_S10_START53_V7A-v1/0000/EC91FFFA-E1EE-E111-B861-0025B326D182.root  
/store/mc/Summer12_DR53X/ZZTo2e2mu_8TeV-powheg-pythia6/AODSIM/PU_S10_START53_V7A-v1/0000/B89A82C5-E2EE-E111-B79A-1CC1DE1D1452.root  
/store/mc/Summer12_DR53X/ZZTo2e2mu_8TeV-powheg-pythia6/AODSIM/PU_S10_START53_V7A-v1/0000/D81408EB-E3EE-E111-868A-00237DA13C2E.root  
/store/mc/Summer12_DR53X/ZZTo2e2mu_8TeV-powheg-pythia6/AODSIM/PU_S10_START53_V7A-v1/0000/F4F33693-E4EE-E111-AB4F-1CC1DE1CDD20.root  
/store/mc/Summer12_DR53X/ZZTo2e2mu_8TeV-powheg-pythia6/AODSIM/PU_S10_START53_V7A-v1/0000/36917416-E5EE-E111-B984-1CC1DE1CDD20.root  
/store/mc/Summer12_DR53X/ZZTo2e2mu_8TeV-powheg-pythia6/AODSIM/PU_S10_START53_V7A-v1/0000/960C4A88-E5EE-E111-9077-1CC1DE047F98.root  
/store/mc/Summer12_DR53X/ZZTo2e2mu_8TeV-powheg-pythia6/AODSIM/PU_S10_START53_V7A-v1/0000/F47740B8-E6EE-E111-8F30-1CC1DE1D208E.root  
/store/mc/Summer12_DR53X/ZZTo2e2mu_8TeV-powheg-pythia6/AODSIM/PU_S10_START53_V7A-v1/0000/9AEB0047-9CEE-E111-8BB7-0017A4770018.root  
/store/mc/Summer12_DR53X/ZZTo2e2mu_8TeV-powheg-pythia6/AODSIM/PU_S10_START53_V7A-v1/0000/66F1F5E4-82EE-E111-B867-1CC1DE056008.root  
/store/mc/Summer12_DR53X/ZZTo2e2mu_8TeV-powheg-pythia6/AODSIM/PU_S10_START53_V7A-v1/0000/0C75375D-FDEF-E111-9910-1CC1DE1CE128.root  
/store/mc/Summer12_DR53X/ZZTo2e2mu_8TeV-powheg-pythia6/AODSIM/PU_S10_START53_V7A-v1/0000/8419B693-53F0-E111-AF96-1CC1DE046F00.root  
/store/mc/Summer12_DR53X/ZZTo2e2mu_8TeV-powheg-pythia6/AODSIM/PU_S10_START53_V7A-v1/0000/88A318A5-56F0-E111-AC96-1CC1DE0503C0.root  
/store/mc/Summer12_DR53X/ZZTo2e2mu_8TeV-powheg-pythia6/AODSIM/PU_S10_START53_V7A-v1/0000/1EB0BE82-58F0-E111-9507-00266CFFBF64.root  
/store/mc/Summer12_DR53X/ZZTo2e2mu_8TeV-powheg-pythia6/AODSIM/PU_S10_START53_V7A-v1/0000/5606D9A5-5AF0-E111-888F-1CC1DE051028.root  
/store/mc/Summer12_DR53X/ZZTo2e2mu_8TeV-powheg-pythia6/AODSIM/PU_S10_START53_V7A-v1/0000/3C5E4D9C-5CF0-E111-95B8-0017A4770810.root  
/store/mc/Summer12_DR53X/ZZTo2e2mu_8TeV-powheg-pythia6/AODSIM/PU_S10_START53_V7A-v1/0000/82911FD3-02F0-E111-B7B4-1CC1DE046F18.root  
/store/mc/Summer12_DR53X/ZZTo2e2mu_8TeV-powheg-pythia6/AODSIM/PU_S10_START53_V7A-v1/0000/9A56E6F1-4AEF-E111-9282-00266CFF0ACC.root  
/store/mc/Summer12_DR53X/ZZTo2e2mu_8TeV-powheg-pythia6/AODSIM/PU_S10_START53_V7A-v1/0000/8E1045C3-11F0-E111-96BE-1CC1DE1CDF30.root  
/store/mc/Summer12_DR53X/ZZTo2e2mu_8TeV-powheg-pythia6/AODSIM/PU_S10_START53_V7A-v1/0000/C24AA53E-EBEF-E111-9814-00266CFF0608.root  
/store/mc/Summer12_DR53X/ZZTo2e2mu_8TeV-powheg-pythia6/AODSIM/PU_S10_START53_V7A-v1/0000/48B7B3F8-0CF0-E111-8051-00266CFFBF94.root  
/store/mc/Summer12_DR53X/ZZTo2e2mu_8TeV-powheg-pythia6/AODSIM/PU_S10_START53_V7A-v1/0000/DA3E031F-0FF0-E111-9B4C-00266CFFBF94.root  
/store/mc/Summer12_DR53X/ZZTo2e2mu_8TeV-powheg-pythia6/AODSIM/PU_S10_START53_V7A-v1/0000/DE938359-F1EF-E111-85F5-00266CFFB7D0.root  
/store/mc/Summer12_DR53X/ZZTo2e2mu_8TeV-powheg-pythia6/AODSIM/PU_S10_START53_V7A-v1/0000/A41F2607-13F0-E111-A543-00266CFFCD6C.root  
/store/mc/Summer12_DR53X/ZZTo2e2mu_8TeV-powheg-pythia6/AODSIM/PU_S10_START53_V7A-v1/0000/18B26B45-10F0-E111-B198-1CC1DE054078.root  
/store/mc/Summer12_DR53X/ZZTo2e2mu_8TeV-powheg-pythia6/AODSIM/PU_S10_START53_V7A-v1/0000/283BC968-B1EE-E111-A4A7-0017A4770404.root  
/store/mc/Summer12_DR53X/ZZTo2e2mu_8TeV-powheg-pythia6/AODSIM/PU_S10_START53_V7A-v1/0000/E438C4F2-90EE-E111-940E-AC162DACE1B8.root  
/store/mc/Summer12_DR53X/ZZTo2e2mu_8TeV-powheg-pythia6/AODSIM/PU_S10_START53_V7A-v1/0000/5CD1F9E3-90EE-E111-A1E9-1CC1DE0437C8.root  
/store/mc/Summer12_DR53X/ZZTo2e2mu_8TeV-powheg-pythia6/AODSIM/PU_S10_START53_V7A-v1/0000/A2FED877-91EE-E111-BBD2-1CC1DE1D036C.root  
/store/mc/Summer12_DR53X/ZZTo2e2mu_8TeV-powheg-pythia6/AODSIM/PU_S10_START53_V7A-v1/0000/B0C17979-91EE-E111-9F53-1CC1DE1CDF2A.root  
/store/mc/Summer12_DR53X/ZZTo2e2mu_8TeV-powheg-pythia6/AODSIM/PU_S10_START53_V7A-v1/0000/F414945F-F8EF-E111-9C03-0017A477082C.root  
/store/mc/Summer12_DR53X/ZZTo2e2mu_8TeV-powheg-pythia6/AODSIM/PU_S10_START53_V7A-v1/0000/006B0116-09F0-E111-A929-AC162DA87230.root  
/store/mc/Summer12_DR53X/ZZTo2e2mu_8TeV-powheg-pythia6/AODSIM/PU_S10_START53_V7A-v1/0000/664FB3E0-87F0-E111-8303-1CC1DE0590E8.root  
/store/mc/Summer12_DR53X/ZZTo2e2mu_8TeV-powheg-pythia6/AODSIM/PU_S10_START53_V7A-v1/0000/6003CB9A-F4EF-E111-B687-00266CFFCAC8.root  
/store/mc/Summer12_DR53X/ZZTo2e2mu_8TeV-powheg-pythia6/AODSIM/PU_S10_START53_V7A-v1/0000/A04BE233-16F0-E111-9747-00266CFFC980.root  
/store/mc/Summer12_DR53X/ZZTo2e2mu_8TeV-powheg-pythia6/AODSIM/PU_S10_START53_V7A-v1/0000/DC8BF852-1AEF-E111-9ADA-00266CFFCC50.root  
/store/mc/Summer12_DR53X/ZZTo2e2mu_8TeV-powheg-pythia6/AODSIM/PU_S10_START53_V7A-v1/0000/38D7B583-06F0-E111-A4B6-1CC1DE1CDDBC.root  
/store/mc/Summer12_DR53X/ZZTo2e2mu_8TeV-powheg-pythia6/AODSIM/PU_S10_START53_V7A-v1/0000/0A2E9A25-07F0-E111-8B4A-1CC1DE04FF50.root  
/store/mc/Summer12_DR53X/ZZTo2e2mu_8TeV-powheg-pythia6/AODSIM/PU_S10_START53_V7A-v1/0000/264F1269-F5EF-E111-8DBC-00266CFFC9EC.root  
/store/mc/Summer12_DR53X/ZZTo2e2mu_8TeV-powheg-pythia6/AODSIM/PU_S10_START53_V7A-v1/0000/189C027A-B6EE-E111-9385-1CC1DE1CE128.root  
/store/mc/Summer12_DR53X/ZZTo2e2mu_8TeV-powheg-pythia6/AODSIM/PU_S10_START53_V7A-v1/0000/B6F9814E-B7EE-E111-8C6C-1CC1DE1CE026.root  
/store/mc/Summer12_DR53X/ZZTo2e2mu_8TeV-powheg-pythia6/AODSIM/PU_S10_START53_V7A-v1/0000/14871AA1-B8EE-E111-8714-1CC1DE040FA0.root  
/store/mc/Summer12_DR53X/ZZTo2e2mu_8TeV-powheg-pythia6/AODSIM/PU_S10_START53_V7A-v1/0000/5881F73E-BEEE-E111-B648-0017A4770434.root  
/store/mc/Summer12_DR53X/ZZTo2e2mu_8TeV-powheg-pythia6/AODSIM/PU_S10_START53_V7A-v1/0000/C298E25E-BEEE-E111-B467-00266CFFCAA4.root  
/store/mc/Summer12_DR53X/ZZTo2e2mu_8TeV-powheg-pythia6/AODSIM/PU_S10_START53_V7A-v1/0000/8254F208-BBEE-E111-843C-00266CFFBF68.root  
/store/mc/Summer12_DR53X/ZZTo2e2mu_8TeV-powheg-pythia6/AODSIM/PU_S10_START53_V7A-v1/0000/D621449A-BBEE-E111-83EF-00266CFFC0C0.root  
/store/mc/Summer12_DR53X/ZZTo2e2mu_8TeV-powheg-pythia6/AODSIM/PU_S10_START53_V7A-v1/0000/C45DA706-81EE-E111-A982-1CC1DE046F18.root  
/store/mc/Summer12_DR53X/ZZTo2e2mu_8TeV-powheg-pythia6/AODSIM/PU_S10_START53_V7A-v1/0000/FC528D52-81EE-E111-9433-1CC1DE1CE56C.root  
/store/mc/Summer12_DR53X/ZZTo2e2mu_8TeV-powheg-pythia6/AODSIM/PU_S10_START53_V7A-v1/0000/22C9A968-99EE-E111-9D41-1CC1DE047F98.root  
/store/mc/Summer12_DR53X/ZZTo2e2mu_8TeV-powheg-pythia6/AODSIM/PU_S10_START53_V7A-v1/0000/BA527FD0-99EE-E111-BA19-00266CFFCCBC.root  
/store/mc/Summer12_DR53X/ZZTo2e2mu_8TeV-powheg-pythia6/AODSIM/PU_S10_START53_V7A-v1/0000/28C534DC-98EE-E111-A7D0-00266CFFCAF0.root  
/store/mc/Summer12_DR53X/ZZTo2e2mu_8TeV-powheg-pythia6/AODSIM/PU_S10_START53_V7A-v1/0000/AAE0C831-94EE-E111-8459-1CC1DE1CEFE0.root  
/store/mc/Summer12_DR53X/ZZTo2e2mu_8TeV-powheg-pythia6/AODSIM/PU_S10_START53_V7A-v1/0000/66367AC3-94EE-E111-8A0C-1CC1DE1D1F80.root  
/store/mc/Summer12_DR53X/ZZTo2e2mu_8TeV-powheg-pythia6/AODSIM/PU_S10_START53_V7A-v1/0000/1827EBF4-95EE-E111-AB44-00266CFFCAC0.root  
/store/mc/Summer12_DR53X/ZZTo2e2mu_8TeV-powheg-pythia6/AODSIM/PU_S10_START53_V7A-v1/0000/BA0091B7-CAEE-E111-8A99-1CC1DE051038.root  
/store/mc/Summer12_DR53X/ZZTo2e2mu_8TeV-powheg-pythia6/AODSIM/PU_S10_START53_V7A-v1/0000/20D4D4B4-AFEE-E111-82A7-AC162DAC3428.root  
/store/mc/Summer12_DR53X/ZZTo2e2mu_8TeV-powheg-pythia6/AODSIM/PU_S10_START53_V7A-v1/0000/E0E6C28D-7FEE-E111-82BA-00266CFFBCD0.root  
/store/mc/Summer12_DR53X/ZZTo2e2mu_8TeV-powheg-pythia6/AODSIM/PU_S10_START53_V7A-v1/0000/549E6E48-84EE-E111-B42A-1CC1DE1D03FC.root  
/store/mc/Summer12_DR53X/ZZTo2e2mu_8TeV-powheg-pythia6/AODSIM/PU_S10_START53_V7A-v1/0000/76C83560-C7EE-E111-83FE-1CC1DE047F98.root  
/store/mc/Summer12_DR53X/ZZTo2e2mu_8TeV-powheg-pythia6/AODSIM/PU_S10_START53_V7A-v1/0000/0ABA2396-B4EE-E111-9DCE-1CC1DE1CF280.root  
/store/mc/Summer12_DR53X/ZZTo2e2mu_8TeV-powheg-pythia6/AODSIM/PU_S10_START53_V7A-v1/0000/BA0B2727-B5EE-E111-9D81-1CC1DE047F98.root  
/store/mc/Summer12_DR53X/ZZTo2e2mu_8TeV-powheg-pythia6/AODSIM/PU_S10_START53_V7A-v1/0000/10943B57-FFEF-E111-B07A-0017A4770834.root  
/store/mc/Summer12_DR53X/ZZTo2e2mu_8TeV-powheg-pythia6/AODSIM/PU_S10_START53_V7A-v1/0000/92FCC3A1-FBEF-E111-A044-AC162DAB0B08.root  
/store/mc/Summer12_DR53X/ZZTo2e2mu_8TeV-powheg-pythia6/AODSIM/PU_S10_START53_V7A-v1/0000/9C214B35-F3EF-E111-98F5-00266CFFBCFC.root  
/store/mc/Summer12_DR53X/ZZTo2e2mu_8TeV-powheg-pythia6/AODSIM/PU_S10_START53_V7A-v1/0000/00E61051-0CF0-E111-A5A5-0017A477000C.root  
/store/mc/Summer12_DR53X/ZZTo2e2mu_8TeV-powheg-pythia6/AODSIM/PU_S10_START53_V7A-v1/0000/F4BF5C1F-01F0-E111-91A7-00266CFFC43C.root  
/store/mc/Summer12_DR53X/ZZTo2e2mu_8TeV-powheg-pythia6/AODSIM/PU_S10_START53_V7A-v1/0000/D261A363-0AF0-E111-86A3-00266CFFC598.root  
/store/mc/Summer12_DR53X/ZZTo2e2mu_8TeV-powheg-pythia6/AODSIM/PU_S10_START53_V7A-v1/0000/94BB6629-0BF0-E111-A6E9-00266CFFC9EC.root  
/store/mc/Summer12_DR53X/ZZTo2e2mu_8TeV-powheg-pythia6/AODSIM/PU_S10_START53_V7A-v1/0000/CA39D8F0-04F0-E111-B5B8-1CC1DE056008.root  
/store/mc/Summer12_DR53X/ZZTo2e2mu_8TeV-powheg-pythia6/AODSIM/PU_S10_START53_V7A-v1/0000/84F6EFC5-F6EF-E111-9F14-00266CFFBDE8.root  
