/store/mc/Summer12_DR53X/ZZTo2mu2tau_8TeV-powheg-pythia6/AODSIM/PU_S10_START53_V7A-v1/0000/04689EE9-28F0-E111-A997-1CC1DE04DF20.root  
/store/mc/Summer12_DR53X/ZZTo2mu2tau_8TeV-powheg-pythia6/AODSIM/PU_S10_START53_V7A-v1/0000/A42BA429-2AF0-E111-8471-1CC1DE041FD8.root  
/store/mc/Summer12_DR53X/ZZTo2mu2tau_8TeV-powheg-pythia6/AODSIM/PU_S10_START53_V7A-v1/0000/0E93B0E1-1BF0-E111-940B-AC162DACC3F0.root  
/store/mc/Summer12_DR53X/ZZTo2mu2tau_8TeV-powheg-pythia6/AODSIM/PU_S10_START53_V7A-v1/0000/C0BABD77-1CF0-E111-B111-00266CFEFE08.root  
/store/mc/Summer12_DR53X/ZZTo2mu2tau_8TeV-powheg-pythia6/AODSIM/PU_S10_START53_V7A-v1/0000/B26CE2F3-18F0-E111-AFDA-00237DA1AC2A.root  
/store/mc/Summer12_DR53X/ZZTo2mu2tau_8TeV-powheg-pythia6/AODSIM/PU_S10_START53_V7A-v1/0000/10D54568-20F0-E111-87D6-1CC1DE1D14A0.root  
/store/mc/Summer12_DR53X/ZZTo2mu2tau_8TeV-powheg-pythia6/AODSIM/PU_S10_START53_V7A-v1/0000/2E9A29B0-20F0-E111-BD24-00266CFFBF30.root  
/store/mc/Summer12_DR53X/ZZTo2mu2tau_8TeV-powheg-pythia6/AODSIM/PU_S10_START53_V7A-v1/0000/82D19921-22F0-E111-8F91-00266CFFBCB0.root  
/store/mc/Summer12_DR53X/ZZTo2mu2tau_8TeV-powheg-pythia6/AODSIM/PU_S10_START53_V7A-v1/0000/ECEA47B8-22F0-E111-A665-00266CFFBCB0.root  
/store/mc/Summer12_DR53X/ZZTo2mu2tau_8TeV-powheg-pythia6/AODSIM/PU_S10_START53_V7A-v1/0000/885628D9-23F0-E111-B075-1CC1DE0530F8.root  
/store/mc/Summer12_DR53X/ZZTo2mu2tau_8TeV-powheg-pythia6/AODSIM/PU_S10_START53_V7A-v1/0000/6476BB1B-25F0-E111-B2EF-1CC1DE1CF196.root  
/store/mc/Summer12_DR53X/ZZTo2mu2tau_8TeV-powheg-pythia6/AODSIM/PU_S10_START53_V7A-v1/0000/C202D919-1AF0-E111-9088-00266CFF0ACC.root  
/store/mc/Summer12_DR53X/ZZTo2mu2tau_8TeV-powheg-pythia6/AODSIM/PU_S10_START53_V7A-v1/0000/161852E7-1EF0-E111-A68B-00266CFFBF64.root  
/store/mc/Summer12_DR53X/ZZTo2mu2tau_8TeV-powheg-pythia6/AODSIM/PU_S10_START53_V7A-v1/0000/BE39AE92-25F0-E111-9913-0017A4770C28.root  
/store/mc/Summer12_DR53X/ZZTo2mu2tau_8TeV-powheg-pythia6/AODSIM/PU_S10_START53_V7A-v1/0000/5856A589-12F0-E111-A1B0-AC162DACC3F8.root  
/store/mc/Summer12_DR53X/ZZTo2mu2tau_8TeV-powheg-pythia6/AODSIM/PU_S10_START53_V7A-v1/0000/F4043120-3CF0-E111-B992-00266CFFCD00.root  
/store/mc/Summer12_DR53X/ZZTo2mu2tau_8TeV-powheg-pythia6/AODSIM/PU_S10_START53_V7A-v1/0000/DC1FBFBB-3CF0-E111-99B0-0017A4770838.root  
/store/mc/Summer12_DR53X/ZZTo2mu2tau_8TeV-powheg-pythia6/AODSIM/PU_S10_START53_V7A-v1/0000/B6E1ADC7-3CF0-E111-AE37-00266CFFCB80.root  
/store/mc/Summer12_DR53X/ZZTo2mu2tau_8TeV-powheg-pythia6/AODSIM/PU_S10_START53_V7A-v1/0000/C65BEAD7-3DF0-E111-B41C-1CC1DE0510A8.root  
/store/mc/Summer12_DR53X/ZZTo2mu2tau_8TeV-powheg-pythia6/AODSIM/PU_S10_START53_V7A-v1/0000/5E6B78F5-3AF0-E111-B577-0017A4770C38.root  
/store/mc/Summer12_DR53X/ZZTo2mu2tau_8TeV-powheg-pythia6/AODSIM/PU_S10_START53_V7A-v1/0000/B0C80D97-3BF0-E111-A57C-1CC1DE040FA0.root  
/store/mc/Summer12_DR53X/ZZTo2mu2tau_8TeV-powheg-pythia6/AODSIM/PU_S10_START53_V7A-v1/0000/FE284084-3BF0-E111-A0FF-0017A4770838.root  
/store/mc/Summer12_DR53X/ZZTo2mu2tau_8TeV-powheg-pythia6/AODSIM/PU_S10_START53_V7A-v1/0000/5AC7AE54-34F0-E111-8E0A-0017A4771034.root  
/store/mc/Summer12_DR53X/ZZTo2mu2tau_8TeV-powheg-pythia6/AODSIM/PU_S10_START53_V7A-v1/0000/50E02866-35F0-E111-93D6-0017A4770430.root  
/store/mc/Summer12_DR53X/ZZTo2mu2tau_8TeV-powheg-pythia6/AODSIM/PU_S10_START53_V7A-v1/0000/02DCD560-35F0-E111-9BBD-D8D385FF0B46.root  
/store/mc/Summer12_DR53X/ZZTo2mu2tau_8TeV-powheg-pythia6/AODSIM/PU_S10_START53_V7A-v1/0000/88842D2F-2CF0-E111-A8DD-0017A4770C00.root  
/store/mc/Summer12_DR53X/ZZTo2mu2tau_8TeV-powheg-pythia6/AODSIM/PU_S10_START53_V7A-v1/0000/A40B0C52-2DF0-E111-92C6-00266CFFC89C.root  
/store/mc/Summer12_DR53X/ZZTo2mu2tau_8TeV-powheg-pythia6/AODSIM/PU_S10_START53_V7A-v1/0000/EA251085-0EF0-E111-82A3-1CC1DE1D023A.root  
/store/mc/Summer12_DR53X/ZZTo2mu2tau_8TeV-powheg-pythia6/AODSIM/PU_S10_START53_V7A-v1/0000/E241D6F2-2FF0-E111-8CD5-00266CFFCD14.root  
/store/mc/Summer12_DR53X/ZZTo2mu2tau_8TeV-powheg-pythia6/AODSIM/PU_S10_START53_V7A-v1/0000/6EF7B944-31F0-E111-B114-0017A4770C08.root  
/store/mc/Summer12_DR53X/ZZTo2mu2tau_8TeV-powheg-pythia6/AODSIM/PU_S10_START53_V7A-v1/0000/7AB406D4-31F0-E111-97E7-1CC1DE0590E8.root  
/store/mc/Summer12_DR53X/ZZTo2mu2tau_8TeV-powheg-pythia6/AODSIM/PU_S10_START53_V7A-v1/0000/50A1ED7E-32F0-E111-986C-1CC1DE041FD8.root  
/store/mc/Summer12_DR53X/ZZTo2mu2tau_8TeV-powheg-pythia6/AODSIM/PU_S10_START53_V7A-v1/0000/7ABECF7F-85F0-E111-8CFC-00266CFFBC3C.root  
/store/mc/Summer12_DR53X/ZZTo2mu2tau_8TeV-powheg-pythia6/AODSIM/PU_S10_START53_V7A-v1/0000/76F251DB-36F0-E111-9C2A-AC162DACB208.root  
/store/mc/Summer12_DR53X/ZZTo2mu2tau_8TeV-powheg-pythia6/AODSIM/PU_S10_START53_V7A-v1/0000/1648884B-36F0-E111-9EF0-1CC1DE056008.root  
/store/mc/Summer12_DR53X/ZZTo2mu2tau_8TeV-powheg-pythia6/AODSIM/PU_S10_START53_V7A-v1/0000/10683786-37F0-E111-B866-00266CFFCB80.root  
/store/mc/Summer12_DR53X/ZZTo2mu2tau_8TeV-powheg-pythia6/AODSIM/PU_S10_START53_V7A-v1/0000/5C0A10F8-3AF0-E111-AF28-00266CFFBCD0.root  
/store/mc/Summer12_DR53X/ZZTo2mu2tau_8TeV-powheg-pythia6/AODSIM/PU_S10_START53_V7A-v1/0000/B204973C-8DF0-E111-8020-00266CFFC7E0.root  
/store/mc/Summer12_DR53X/ZZTo2mu2tau_8TeV-powheg-pythia6/AODSIM/PU_S10_START53_V7A-v1/0000/B4335669-3EF0-E111-BD32-1CC1DE0510A8.root  
/store/mc/Summer12_DR53X/ZZTo2mu2tau_8TeV-powheg-pythia6/AODSIM/PU_S10_START53_V7A-v1/0000/54C426D6-3EF0-E111-AFBB-1CC1DE052068.root  
/store/mc/Summer12_DR53X/ZZTo2mu2tau_8TeV-powheg-pythia6/AODSIM/PU_S10_START53_V7A-v1/0000/E2757C63-3FF0-E111-A161-AC162DA87230.root  
/store/mc/Summer12_DR53X/ZZTo2mu2tau_8TeV-powheg-pythia6/AODSIM/PU_S10_START53_V7A-v1/0000/7A5B751E-40F0-E111-9CB9-AC162DACC3F8.root  
/store/mc/Summer12_DR53X/ZZTo2mu2tau_8TeV-powheg-pythia6/AODSIM/PU_S10_START53_V7A-v1/0000/5A10E5A5-40F0-E111-8CCB-00266CFFBCE0.root  
/store/mc/Summer12_DR53X/ZZTo2mu2tau_8TeV-powheg-pythia6/AODSIM/PU_S10_START53_V7A-v1/0000/06808C64-41F0-E111-91D1-AC162DACC3F0.root  
/store/mc/Summer12_DR53X/ZZTo2mu2tau_8TeV-powheg-pythia6/AODSIM/PU_S10_START53_V7A-v1/0000/D0C3AB87-14F0-E111-8222-1CC1DE1CF196.root  
/store/mc/Summer12_DR53X/ZZTo2mu2tau_8TeV-powheg-pythia6/AODSIM/PU_S10_START53_V7A-v1/0000/BE3842A1-15F0-E111-B5B6-1CC1DE1D03EA.root  
/store/mc/Summer12_DR53X/ZZTo2mu2tau_8TeV-powheg-pythia6/AODSIM/PU_S10_START53_V7A-v1/0000/2ED2FF33-16F0-E111-A517-00266CFEFC38.root  
/store/mc/Summer12_DR53X/ZZTo2mu2tau_8TeV-powheg-pythia6/AODSIM/PU_S10_START53_V7A-v1/0000/40899AAD-33F0-E111-A56B-1CC1DE0510A8.root  
/store/mc/Summer12_DR53X/ZZTo2mu2tau_8TeV-powheg-pythia6/AODSIM/PU_S10_START53_V7A-v1/0000/9A14A224-34F0-E111-AA3F-AC162DABBBA0.root  
/store/mc/Summer12_DR53X/ZZTo2mu2tau_8TeV-powheg-pythia6/AODSIM/PU_S10_START53_V7A-v1/0000/48A95ECE-17F0-E111-96C9-00266CFFBE68.root  
/store/mc/Summer12_DR53X/ZZTo2mu2tau_8TeV-powheg-pythia6/AODSIM/PU_S10_START53_V7A-v1/0000/22246327-42F0-E111-85C3-1CC1DE1CDCAE.root  
/store/mc/Summer12_DR53X/ZZTo2mu2tau_8TeV-powheg-pythia6/AODSIM/PU_S10_START53_V7A-v1/0000/D29FDAD8-42F0-E111-8A81-00266CFFCB80.root  
/store/mc/Summer12_DR53X/ZZTo2mu2tau_8TeV-powheg-pythia6/AODSIM/PU_S10_START53_V7A-v1/0000/C8398DF9-43F0-E111-9352-1CC1DE054078.root  
/store/mc/Summer12_DR53X/ZZTo2mu2tau_8TeV-powheg-pythia6/AODSIM/PU_S10_START53_V7A-v1/0000/1A7743AE-44F0-E111-97F0-00266CFFC13C.root  
/store/mc/Summer12_DR53X/ZZTo2mu2tau_8TeV-powheg-pythia6/AODSIM/PU_S10_START53_V7A-v1/0000/AC892D2E-45F0-E111-8608-00266CFFBE68.root  
/store/mc/Summer12_DR53X/ZZTo2mu2tau_8TeV-powheg-pythia6/AODSIM/PU_S10_START53_V7A-v1/0000/C0C08B7E-46F0-E111-BC76-00266CFFC664.root  
/store/mc/Summer12_DR53X/ZZTo2mu2tau_8TeV-powheg-pythia6/AODSIM/PU_S10_START53_V7A-v1/0000/027A19E0-47F0-E111-A88C-00266CFFBC60.root  
/store/mc/Summer12_DR53X/ZZTo2mu2tau_8TeV-powheg-pythia6/AODSIM/PU_S10_START53_V7A-v1/0000/6A21461B-49F0-E111-BBA0-00266CFFBC60.root  
/store/mc/Summer12_DR53X/ZZTo2mu2tau_8TeV-powheg-pythia6/AODSIM/PU_S10_START53_V7A-v1/0000/0A8015B6-49F0-E111-B66D-1CC1DE04DF70.root  
/store/mc/Summer12_DR53X/ZZTo2mu2tau_8TeV-powheg-pythia6/AODSIM/PU_S10_START53_V7A-v1/0000/66E89709-4BF0-E111-8EBA-00266CFFC43C.root  
/store/mc/Summer12_DR53X/ZZTo2mu2tau_8TeV-powheg-pythia6/AODSIM/PU_S10_START53_V7A-v1/0000/404AC58E-4DF0-E111-AE29-1CC1DE04DF70.root  
/store/mc/Summer12_DR53X/ZZTo2mu2tau_8TeV-powheg-pythia6/AODSIM/PU_S10_START53_V7A-v1/0000/A4586CF6-4EF0-E111-BDA1-1CC1DE04DF70.root  
/store/mc/Summer12_DR53X/ZZTo2mu2tau_8TeV-powheg-pythia6/AODSIM/PU_S10_START53_V7A-v1/0000/3E52DB34-4FF0-E111-A137-1CC1DE1CDD20.root  
/store/mc/Summer12_DR53X/ZZTo2mu2tau_8TeV-powheg-pythia6/AODSIM/PU_S10_START53_V7A-v1/0000/E258B17B-37F0-E111-BF2C-AC162DACC3F8.root  
/store/mc/Summer12_DR53X/ZZTo2mu2tau_8TeV-powheg-pythia6/AODSIM/PU_S10_START53_V7A-v1/0000/1C8E2D26-38F0-E111-97B5-00266CFFCB7C.root  
/store/mc/Summer12_DR53X/ZZTo2mu2tau_8TeV-powheg-pythia6/AODSIM/PU_S10_START53_V7A-v1/0000/509A2C69-2EF0-E111-B72D-AC162DACE1B8.root  
/store/mc/Summer12_DR53X/ZZTo2mu2tau_8TeV-powheg-pythia6/AODSIM/PU_S10_START53_V7A-v1/0000/04C90816-27F0-E111-9BF9-0017A477000C.root  
/store/mc/Summer12_DR53X/ZZTo2mu2tau_8TeV-powheg-pythia6/AODSIM/PU_S10_START53_V7A-v1/0000/BC9AD224-38F0-E111-9C94-1CC1DE1CDF2A.root  
/store/mc/Summer12_DR53X/ZZTo2mu2tau_8TeV-powheg-pythia6/AODSIM/PU_S10_START53_V7A-v1/0000/769A9426-38F0-E111-827A-1CC1DE056008.root  
/store/mc/Summer12_DR53X/ZZTo2mu2tau_8TeV-powheg-pythia6/AODSIM/PU_S10_START53_V7A-v1/0000/FEAE2610-39F0-E111-81A3-1CC1DE1CF196.root  
/store/mc/Summer12_DR53X/ZZTo2mu2tau_8TeV-powheg-pythia6/AODSIM/PU_S10_START53_V7A-v1/0000/20BF8407-39F0-E111-A9D4-00266CFFC4C4.root  
/store/mc/Summer12_DR53X/ZZTo2mu2tau_8TeV-powheg-pythia6/AODSIM/PU_S10_START53_V7A-v1/0000/8473C2AB-39F0-E111-A6AE-00266CFFBFC0.root  
/store/mc/Summer12_DR53X/ZZTo2mu2tau_8TeV-powheg-pythia6/AODSIM/PU_S10_START53_V7A-v1/0000/FE757AE5-39F0-E111-AC2F-1CC1DE1CDF2A.root  
/store/mc/Summer12_DR53X/ZZTo2mu2tau_8TeV-powheg-pythia6/AODSIM/PU_S10_START53_V7A-v1/0000/E09B13EF-39F0-E111-BECC-00266CFEFCE8.root  
/store/mc/Summer12_DR53X/ZZTo2mu2tau_8TeV-powheg-pythia6/AODSIM/PU_S10_START53_V7A-v1/0000/22243683-13F0-E111-A0B4-1CC1DE1CF196.root  
/store/mc/Summer12_DR53X/ZZTo2mu2tau_8TeV-powheg-pythia6/AODSIM/PU_S10_START53_V7A-v1/0000/6A2B7DC9-13F0-E111-B9E8-00266CFFCD6C.root  
/store/mc/Summer12_DR53X/ZZTo2mu2tau_8TeV-powheg-pythia6/AODSIM/PU_S10_START53_V7A-v1/0000/C6AE4D9C-3FF1-E111-BA39-0017A477002C.root  
/store/mc/Summer12_DR53X/ZZTo2mu2tau_8TeV-powheg-pythia6/AODSIM/PU_S10_START53_V7A-v1/0000/78B4771D-7EF0-E111-9A36-00266CFFCB80.root  
/store/mc/Summer12_DR53X/ZZTo2mu2tau_8TeV-powheg-pythia6/AODSIM/PU_S10_START53_V7A-v1/0000/64541EBF-4FF0-E111-B3D1-1CC1DE051118.root  
/store/mc/Summer12_DR53X/ZZTo2mu2tau_8TeV-powheg-pythia6/AODSIM/PU_S10_START53_V7A-v1/0000/CA2D8C9C-51F0-E111-9509-00266CFFCAF0.root  
/store/mc/Summer12_DR53X/ZZTo2mu2tau_8TeV-powheg-pythia6/AODSIM/PU_S10_START53_V7A-v1/0000/00C65BD0-52F0-E111-92C7-1CC1DE1D03DE.root  
/store/mc/Summer12_DR53X/ZZTo2mu2tau_8TeV-powheg-pythia6/AODSIM/PU_S10_START53_V7A-v1/0000/C6B76383-53F0-E111-A43C-0017A4770028.root  
/store/mc/Summer12_DR53X/ZZTo2mu2tau_8TeV-powheg-pythia6/AODSIM/PU_S10_START53_V7A-v1/0000/88ADBD39-54F0-E111-ABB7-00266CFF0ACC.root  
/store/mc/Summer12_DR53X/ZZTo2mu2tau_8TeV-powheg-pythia6/AODSIM/PU_S10_START53_V7A-v1/0000/22FDA66F-55F0-E111-BEDD-D8D3855BBDC4.root  
/store/mc/Summer12_DR53X/ZZTo2mu2tau_8TeV-powheg-pythia6/AODSIM/PU_S10_START53_V7A-v1/0000/C20082A4-56F0-E111-8882-1CC1DE0570A0.root  
/store/mc/Summer12_DR53X/ZZTo2mu2tau_8TeV-powheg-pythia6/AODSIM/PU_S10_START53_V7A-v1/0000/BAC74B82-59F0-E111-8C04-0017A4770430.root  
/store/mc/Summer12_DR53X/ZZTo2mu2tau_8TeV-powheg-pythia6/AODSIM/PU_S10_START53_V7A-v1/0000/E44748B7-5FF0-E111-9189-00266CFFBDAC.root  
