/store/mc/Summer12_DR53X/ZZTo4tau_8TeV-powheg-pythia6/AODSIM/PU_S10_START53_V7A-v1/0000/F4F012AA-9FF8-E111-8D4F-00266CFF0608.root  
/store/mc/Summer12_DR53X/ZZTo4tau_8TeV-powheg-pythia6/AODSIM/PU_S10_START53_V7A-v1/0000/646DB383-A2F8-E111-9C15-AC162DAB0B08.root  
/store/mc/Summer12_DR53X/ZZTo4tau_8TeV-powheg-pythia6/AODSIM/PU_S10_START53_V7A-v1/0000/D8DA0960-48F8-E111-BBB7-0017A4770C08.root  
/store/mc/Summer12_DR53X/ZZTo4tau_8TeV-powheg-pythia6/AODSIM/PU_S10_START53_V7A-v1/0000/58C2165E-49F8-E111-9E4C-0017A4771000.root  
/store/mc/Summer12_DR53X/ZZTo4tau_8TeV-powheg-pythia6/AODSIM/PU_S10_START53_V7A-v1/0000/1A295CF9-49F8-E111-B3BF-00266CFFBC74.root  
/store/mc/Summer12_DR53X/ZZTo4tau_8TeV-powheg-pythia6/AODSIM/PU_S10_START53_V7A-v1/0000/501CA8E8-49F8-E111-8DA7-00266CFFCD00.root  
/store/mc/Summer12_DR53X/ZZTo4tau_8TeV-powheg-pythia6/AODSIM/PU_S10_START53_V7A-v1/0000/2C215F87-4AF8-E111-9D8C-0017A4771000.root  
/store/mc/Summer12_DR53X/ZZTo4tau_8TeV-powheg-pythia6/AODSIM/PU_S10_START53_V7A-v1/0000/B2947169-39F8-E111-9988-1CC1DE0590E8.root  
/store/mc/Summer12_DR53X/ZZTo4tau_8TeV-powheg-pythia6/AODSIM/PU_S10_START53_V7A-v1/0000/7A0F5551-3AF8-E111-BBFF-1CC1DE04FFB8.root  
/store/mc/Summer12_DR53X/ZZTo4tau_8TeV-powheg-pythia6/AODSIM/PU_S10_START53_V7A-v1/0000/16113452-3AF8-E111-A1A8-00266CFFC198.root  
/store/mc/Summer12_DR53X/ZZTo4tau_8TeV-powheg-pythia6/AODSIM/PU_S10_START53_V7A-v1/0000/68DBAF55-3AF8-E111-A632-0017A4770808.root  
/store/mc/Summer12_DR53X/ZZTo4tau_8TeV-powheg-pythia6/AODSIM/PU_S10_START53_V7A-v1/0000/7E7A2C63-41F8-E111-8746-1CC1DE0437C8.root  
/store/mc/Summer12_DR53X/ZZTo4tau_8TeV-powheg-pythia6/AODSIM/PU_S10_START53_V7A-v1/0000/AC23213C-42F8-E111-8289-00266CFFBF94.root  
/store/mc/Summer12_DR53X/ZZTo4tau_8TeV-powheg-pythia6/AODSIM/PU_S10_START53_V7A-v1/0000/9EC37BD1-42F8-E111-8A2D-1CC1DE0503C0.root  
/store/mc/Summer12_DR53X/ZZTo4tau_8TeV-powheg-pythia6/AODSIM/PU_S10_START53_V7A-v1/0000/8AD616C0-50F8-E111-BE35-0017A4771004.root  
/store/mc/Summer12_DR53X/ZZTo4tau_8TeV-powheg-pythia6/AODSIM/PU_S10_START53_V7A-v1/0000/9410B276-51F8-E111-96C5-1CC1DE1CEFC8.root  
/store/mc/Summer12_DR53X/ZZTo4tau_8TeV-powheg-pythia6/AODSIM/PU_S10_START53_V7A-v1/0000/EA93B241-52F8-E111-A2F3-1CC1DE040FE8.root  
/store/mc/Summer12_DR53X/ZZTo4tau_8TeV-powheg-pythia6/AODSIM/PU_S10_START53_V7A-v1/0000/769B18DE-52F8-E111-B297-1CC1DE1D023A.root  
/store/mc/Summer12_DR53X/ZZTo4tau_8TeV-powheg-pythia6/AODSIM/PU_S10_START53_V7A-v1/0000/CC236190-56F8-E111-9766-1CC1DE1D014A.root  
/store/mc/Summer12_DR53X/ZZTo4tau_8TeV-powheg-pythia6/AODSIM/PU_S10_START53_V7A-v1/0000/D2D590F7-57F8-E111-A489-1CC1DE04DF20.root  
/store/mc/Summer12_DR53X/ZZTo4tau_8TeV-powheg-pythia6/AODSIM/PU_S10_START53_V7A-v1/0000/6AB3A7B5-58F8-E111-B9CA-00266CFFBF88.root  
/store/mc/Summer12_DR53X/ZZTo4tau_8TeV-powheg-pythia6/AODSIM/PU_S10_START53_V7A-v1/0000/E6677AC1-58F8-E111-9EBA-00237DA16692.root  
/store/mc/Summer12_DR53X/ZZTo4tau_8TeV-powheg-pythia6/AODSIM/PU_S10_START53_V7A-v1/0000/20A33CD9-3BF8-E111-8B15-AC162DAC3428.root  
/store/mc/Summer12_DR53X/ZZTo4tau_8TeV-powheg-pythia6/AODSIM/PU_S10_START53_V7A-v1/0000/D62EE273-3CF8-E111-9A8A-00266CFF0AF4.root  
/store/mc/Summer12_DR53X/ZZTo4tau_8TeV-powheg-pythia6/AODSIM/PU_S10_START53_V7A-v1/0000/109A22D2-5CF8-E111-91B3-1CC1DE05D2F8.root  
/store/mc/Summer12_DR53X/ZZTo4tau_8TeV-powheg-pythia6/AODSIM/PU_S10_START53_V7A-v1/0000/C45B5F60-5DF8-E111-A872-00266CFFCCBC.root  
/store/mc/Summer12_DR53X/ZZTo4tau_8TeV-powheg-pythia6/AODSIM/PU_S10_START53_V7A-v1/0000/1EE9975E-5DF8-E111-9184-00266CFFCD60.root  
/store/mc/Summer12_DR53X/ZZTo4tau_8TeV-powheg-pythia6/AODSIM/PU_S10_START53_V7A-v1/0000/B8A3DAAC-5EF8-E111-9124-00266CFFBC64.root  
/store/mc/Summer12_DR53X/ZZTo4tau_8TeV-powheg-pythia6/AODSIM/PU_S10_START53_V7A-v1/0000/26F2A178-46F8-E111-9406-00266CFFBDB4.root  
/store/mc/Summer12_DR53X/ZZTo4tau_8TeV-powheg-pythia6/AODSIM/PU_S10_START53_V7A-v1/0000/CE961927-47F8-E111-93B6-00266CFFB7D0.root  
/store/mc/Summer12_DR53X/ZZTo4tau_8TeV-powheg-pythia6/AODSIM/PU_S10_START53_V7A-v1/0000/002342CC-47F8-E111-81A1-00266CFFBF34.root  
/store/mc/Summer12_DR53X/ZZTo4tau_8TeV-powheg-pythia6/AODSIM/PU_S10_START53_V7A-v1/0000/E6EA5E6C-3CF8-E111-9260-00266CFFC544.root  
/store/mc/Summer12_DR53X/ZZTo4tau_8TeV-powheg-pythia6/AODSIM/PU_S10_START53_V7A-v1/0000/B6D5CD0A-3DF8-E111-8105-00266CFFC664.root  
/store/mc/Summer12_DR53X/ZZTo4tau_8TeV-powheg-pythia6/AODSIM/PU_S10_START53_V7A-v1/0000/5CB44D93-5FF8-E111-95D9-001B7875621E.root  
/store/mc/Summer12_DR53X/ZZTo4tau_8TeV-powheg-pythia6/AODSIM/PU_S10_START53_V7A-v1/0000/E6C5779B-5FF8-E111-BEE6-0017A4771004.root  
/store/mc/Summer12_DR53X/ZZTo4tau_8TeV-powheg-pythia6/AODSIM/PU_S10_START53_V7A-v1/0000/2C44EE18-61F8-E111-AAE9-001B7875621E.root  
/store/mc/Summer12_DR53X/ZZTo4tau_8TeV-powheg-pythia6/AODSIM/PU_S10_START53_V7A-v1/0000/C0B35576-61F8-E111-8D06-0017A4771004.root  
/store/mc/Summer12_DR53X/ZZTo4tau_8TeV-powheg-pythia6/AODSIM/PU_S10_START53_V7A-v1/0000/EA6E4956-62F8-E111-94E3-AC162DABCAF8.root  
/store/mc/Summer12_DR53X/ZZTo4tau_8TeV-powheg-pythia6/AODSIM/PU_S10_START53_V7A-v1/0000/82C04B19-54F8-E111-B0FD-0017A4770828.root  
/store/mc/Summer12_DR53X/ZZTo4tau_8TeV-powheg-pythia6/AODSIM/PU_S10_START53_V7A-v1/0000/381179FE-53F8-E111-844B-1CC1DE1D023A.root  
/store/mc/Summer12_DR53X/ZZTo4tau_8TeV-powheg-pythia6/AODSIM/PU_S10_START53_V7A-v1/0000/EE3B295E-54F8-E111-937C-00266CFFC598.root  
/store/mc/Summer12_DR53X/ZZTo4tau_8TeV-powheg-pythia6/AODSIM/PU_S10_START53_V7A-v1/0000/E864D70E-55F8-E111-9A8B-D8D385FF0B6A.root  
/store/mc/Summer12_DR53X/ZZTo4tau_8TeV-powheg-pythia6/AODSIM/PU_S10_START53_V7A-v1/0000/700B5A1D-36F8-E111-A36F-1CC1DE051118.root  
/store/mc/Summer12_DR53X/ZZTo4tau_8TeV-powheg-pythia6/AODSIM/PU_S10_START53_V7A-v1/0000/B620DEF6-36F8-E111-9500-1CC1DE1CED1C.root  
/store/mc/Summer12_DR53X/ZZTo4tau_8TeV-powheg-pythia6/AODSIM/PU_S10_START53_V7A-v1/0000/52198D94-37F8-E111-984D-1CC1DE047FA0.root  
/store/mc/Summer12_DR53X/ZZTo4tau_8TeV-powheg-pythia6/AODSIM/PU_S10_START53_V7A-v1/0000/4A964721-85F8-E111-9C7D-1CC1DE055158.root  
/store/mc/Summer12_DR53X/ZZTo4tau_8TeV-powheg-pythia6/AODSIM/PU_S10_START53_V7A-v1/0000/14AEF2FE-3DF8-E111-964D-00266CFF0034.root  
/store/mc/Summer12_DR53X/ZZTo4tau_8TeV-powheg-pythia6/AODSIM/PU_S10_START53_V7A-v1/0000/B637A9FE-3DF8-E111-853E-00237DA1A548.root  
/store/mc/Summer12_DR53X/ZZTo4tau_8TeV-powheg-pythia6/AODSIM/PU_S10_START53_V7A-v1/0000/24610C90-3EF8-E111-854E-AC162DACC3F0.root  
/store/mc/Summer12_DR53X/ZZTo4tau_8TeV-powheg-pythia6/AODSIM/PU_S10_START53_V7A-v1/0000/26AFDDBC-63F8-E111-B5AF-1CC1DE047FA0.root  
/store/mc/Summer12_DR53X/ZZTo4tau_8TeV-powheg-pythia6/AODSIM/PU_S10_START53_V7A-v1/0000/9C6ADBB7-43F8-E111-A2D1-00266CFFC044.root  
/store/mc/Summer12_DR53X/ZZTo4tau_8TeV-powheg-pythia6/AODSIM/PU_S10_START53_V7A-v1/0000/4CC513BB-43F8-E111-B2A8-0017A477102C.root  
/store/mc/Summer12_DR53X/ZZTo4tau_8TeV-powheg-pythia6/AODSIM/PU_S10_START53_V7A-v1/0000/E6F872C9-44F8-E111-A1FE-00266CFF0234.root  
/store/mc/Summer12_DR53X/ZZTo4tau_8TeV-powheg-pythia6/AODSIM/PU_S10_START53_V7A-v1/0000/08480D66-38F8-E111-A3F9-00266CFFBF84.root  
/store/mc/Summer12_DR53X/ZZTo4tau_8TeV-powheg-pythia6/AODSIM/PU_S10_START53_V7A-v1/0000/48CC82E5-38F8-E111-B693-1CC1DE0590E8.root  
/store/mc/Summer12_DR53X/ZZTo4tau_8TeV-powheg-pythia6/AODSIM/PU_S10_START53_V7A-v1/0000/F810308A-56F8-E111-A133-D8D385FF0B6A.root  
/store/mc/Summer12_DR53X/ZZTo4tau_8TeV-powheg-pythia6/AODSIM/PU_S10_START53_V7A-v1/0000/D2684697-56F8-E111-8C6E-78E7D1E4B874.root  
/store/mc/Summer12_DR53X/ZZTo4tau_8TeV-powheg-pythia6/AODSIM/PU_S10_START53_V7A-v1/0000/CEC40230-59F8-E111-98FB-00237DA1AC24.root  
/store/mc/Summer12_DR53X/ZZTo4tau_8TeV-powheg-pythia6/AODSIM/PU_S10_START53_V7A-v1/0000/EABC71BA-5AF8-E111-9E5E-1CC1DE046FB0.root  
/store/mc/Summer12_DR53X/ZZTo4tau_8TeV-powheg-pythia6/AODSIM/PU_S10_START53_V7A-v1/0000/FAFAFF4B-5BF8-E111-BFCA-00266CFFCB80.root  
/store/mc/Summer12_DR53X/ZZTo4tau_8TeV-powheg-pythia6/AODSIM/PU_S10_START53_V7A-v1/0000/5AC307C7-4BF8-E111-97A2-AC162DABBBA0.root  
/store/mc/Summer12_DR53X/ZZTo4tau_8TeV-powheg-pythia6/AODSIM/PU_S10_START53_V7A-v1/0000/B0780674-3FF8-E111-902D-0017A4770008.root  
/store/mc/Summer12_DR53X/ZZTo4tau_8TeV-powheg-pythia6/AODSIM/PU_S10_START53_V7A-v1/0000/50C2958C-3FF8-E111-9B6D-0017A4770024.root  
/store/mc/Summer12_DR53X/ZZTo4tau_8TeV-powheg-pythia6/AODSIM/PU_S10_START53_V7A-v1/0000/0863E907-40F8-E111-AD5B-0017A4770010.root  
/store/mc/Summer12_DR53X/ZZTo4tau_8TeV-powheg-pythia6/AODSIM/PU_S10_START53_V7A-v1/0000/7A18CDCC-4CF8-E111-855C-1CC1DE054078.root  
/store/mc/Summer12_DR53X/ZZTo4tau_8TeV-powheg-pythia6/AODSIM/PU_S10_START53_V7A-v1/0000/767046C3-4CF8-E111-BDC4-1CC1DE052048.root  
/store/mc/Summer12_DR53X/ZZTo4tau_8TeV-powheg-pythia6/AODSIM/PU_S10_START53_V7A-v1/0000/B8AD6CF9-4DF8-E111-A338-1CC1DE050110.root  
/store/mc/Summer12_DR53X/ZZTo4tau_8TeV-powheg-pythia6/AODSIM/PU_S10_START53_V7A-v1/0000/E6CFA4E8-4EF8-E111-964A-0025B3E022C2.root  
/store/mc/Summer12_DR53X/ZZTo4tau_8TeV-powheg-pythia6/AODSIM/PU_S10_START53_V7A-v1/0000/662EC9E0-4EF8-E111-AEC2-1CC1DE1CDF2A.root  
/store/mc/Summer12_DR53X/ZZTo4tau_8TeV-powheg-pythia6/AODSIM/PU_S10_START53_V7A-v1/0000/623FC491-4FF8-E111-A678-0025B3E022C2.root  
/store/mc/Summer12_DR53X/ZZTo4tau_8TeV-powheg-pythia6/AODSIM/PU_S10_START53_V7A-v1/0000/86085B86-4FF8-E111-9AF7-1CC1DE1D1E3C.root  
/store/mc/Summer12_DR53X/ZZTo4tau_8TeV-powheg-pythia6/AODSIM/PU_S10_START53_V7A-v1/0000/7AB76BE9-5BF8-E111-B892-00266CFFCC7C.root  
/store/mc/Summer12_DR53X/ZZTo4tau_8TeV-powheg-pythia6/AODSIM/PU_S10_START53_V7A-v1/0000/B8EEF0C3-31F8-E111-AA70-00237DA0F456.root  
/store/mc/Summer12_DR53X/ZZTo4tau_8TeV-powheg-pythia6/AODSIM/PU_S10_START53_V7A-v1/0000/BA5C7D38-34F8-E111-AD89-00266CFFC76C.root  
